[2025-05-20 18:54:22] local.ERROR: Method Illuminate\Database\Schema\Blueprint::insignedBigInteger does not exist. {"exception":"[object] (BadMethodCallException(code: 0): Method Illuminate\\Database\\Schema\\Blueprint::insignedBigInteger does not exist. at D:\\Dávid\\aPROGRAMOZZ\\WIZSGAMUNKA\\WWIZSGA\\Feladatok\\OFFICE\\MEGOLDÁSOK\\API\\office_sphere_api\\vendor\\laravel\\framework\\src\\Illuminate\\Macroable\\Traits\\Macroable.php:115)
[stacktrace]
#0 D:\\Dávid\\aPROGRAMOZZ\\WIZSGAMUNKA\\WWIZSGA\\Feladatok\\OFFICE\\MEGOLDÁSOK\\API\\office_sphere_api\\database\\migrations\\2025_05_20_184512_create_rentals_table.php(16): Illuminate\\Database\\Schema\\Blueprint->__call('insignedBigInte...', Array)
#1 D:\\Dávid\\aPROGRAMOZZ\\WIZSGAMUNKA\\WWIZSGA\\Feladatok\\OFFICE\\MEGOLDÁSOK\\API\\office_sphere_api\\vendor\\laravel\\framework\\src\\Illuminate\\Database\\Schema\\Builder.php(475): Illuminate\\Database\\Migrations\\Migration@anonymous->{closure}(Object(Illuminate\\Database\\Schema\\Blueprint))
#2 D:\\Dávid\\aPROGRAMOZZ\\WIZSGAMUNKA\\WWIZSGA\\Feladatok\\OFFICE\\MEGOLDÁSOK\\API\\office_sphere_api\\vendor\\laravel\\framework\\src\\Illuminate\\Support\\helpers.php(399): Illuminate\\Database\\Schema\\Builder->Illuminate\\Database\\Schema\\{closure}(Object(Illuminate\\Database\\Schema\\Blueprint))
#3 D:\\Dávid\\aPROGRAMOZZ\\WIZSGAMUNKA\\WWIZSGA\\Feladatok\\OFFICE\\MEGOLDÁSOK\\API\\office_sphere_api\\vendor\\laravel\\framework\\src\\Illuminate\\Database\\Schema\\Builder.php(472): tap(Object(Illuminate\\Database\\Schema\\Blueprint), Object(Closure))
#4 D:\\Dávid\\aPROGRAMOZZ\\WIZSGAMUNKA\\WWIZSGA\\Feladatok\\OFFICE\\MEGOLDÁSOK\\API\\office_sphere_api\\vendor\\laravel\\framework\\src\\Illuminate\\Support\\Facades\\Facade.php(361): Illuminate\\Database\\Schema\\Builder->create('rentals', Object(Closure))
#5 D:\\Dávid\\aPROGRAMOZZ\\WIZSGAMUNKA\\WWIZSGA\\Feladatok\\OFFICE\\MEGOLDÁSOK\\API\\office_sphere_api\\database\\migrations\\2025_05_20_184512_create_rentals_table.php(14): Illuminate\\Support\\Facades\\Facade::__callStatic('create', Array)
#6 D:\\Dávid\\aPROGRAMOZZ\\WIZSGAMUNKA\\WWIZSGA\\Feladatok\\OFFICE\\MEGOLDÁSOK\\API\\office_sphere_api\\vendor\\laravel\\framework\\src\\Illuminate\\Database\\Migrations\\Migrator.php(514): Illuminate\\Database\\Migrations\\Migration@anonymous->up()
#7 D:\\Dávid\\aPROGRAMOZZ\\WIZSGAMUNKA\\WWIZSGA\\Feladatok\\OFFICE\\MEGOLDÁSOK\\API\\office_sphere_api\\vendor\\laravel\\framework\\src\\Illuminate\\Database\\Migrations\\Migrator.php(439): Illuminate\\Database\\Migrations\\Migrator->runMethod(Object(Illuminate\\Database\\MySqlConnection), Object(Illuminate\\Database\\Migrations\\Migration@anonymous), 'up')
#8 D:\\Dávid\\aPROGRAMOZZ\\WIZSGAMUNKA\\WWIZSGA\\Feladatok\\OFFICE\\MEGOLDÁSOK\\API\\office_sphere_api\\vendor\\laravel\\framework\\src\\Illuminate\\Database\\Migrations\\Migrator.php(448): Illuminate\\Database\\Migrations\\Migrator->Illuminate\\Database\\Migrations\\{closure}()
#9 D:\\Dávid\\aPROGRAMOZZ\\WIZSGAMUNKA\\WWIZSGA\\Feladatok\\OFFICE\\MEGOLDÁSOK\\API\\office_sphere_api\\vendor\\laravel\\framework\\src\\Illuminate\\Database\\Migrations\\Migrator.php(250): Illuminate\\Database\\Migrations\\Migrator->runMigration(Object(Illuminate\\Database\\Migrations\\Migration@anonymous), 'up')
#10 D:\\Dávid\\aPROGRAMOZZ\\WIZSGAMUNKA\\WWIZSGA\\Feladatok\\OFFICE\\MEGOLDÁSOK\\API\\office_sphere_api\\vendor\\laravel\\framework\\src\\Illuminate\\Console\\View\\Components\\Task.php(41): Illuminate\\Database\\Migrations\\Migrator->Illuminate\\Database\\Migrations\\{closure}()
#11 D:\\Dávid\\aPROGRAMOZZ\\WIZSGAMUNKA\\WWIZSGA\\Feladatok\\OFFICE\\MEGOLDÁSOK\\API\\office_sphere_api\\vendor\\laravel\\framework\\src\\Illuminate\\Database\\Migrations\\Migrator.php(805): Illuminate\\Console\\View\\Components\\Task->render('2025_05_20_1845...', Object(Closure))
#12 D:\\Dávid\\aPROGRAMOZZ\\WIZSGAMUNKA\\WWIZSGA\\Feladatok\\OFFICE\\MEGOLDÁSOK\\API\\office_sphere_api\\vendor\\laravel\\framework\\src\\Illuminate\\Database\\Migrations\\Migrator.php(250): Illuminate\\Database\\Migrations\\Migrator->write('Illuminate\\\\Cons...', '2025_05_20_1845...', Object(Closure))
#13 D:\\Dávid\\aPROGRAMOZZ\\WIZSGAMUNKA\\WWIZSGA\\Feladatok\\OFFICE\\MEGOLDÁSOK\\API\\office_sphere_api\\vendor\\laravel\\framework\\src\\Illuminate\\Database\\Migrations\\Migrator.php(210): Illuminate\\Database\\Migrations\\Migrator->runUp('D:\\\\D\\xC3\\xA1vid\\\\aPROG...', 1, false)
#14 D:\\Dávid\\aPROGRAMOZZ\\WIZSGAMUNKA\\WWIZSGA\\Feladatok\\OFFICE\\MEGOLDÁSOK\\API\\office_sphere_api\\vendor\\laravel\\framework\\src\\Illuminate\\Database\\Migrations\\Migrator.php(137): Illuminate\\Database\\Migrations\\Migrator->runPending(Array, Array)
#15 D:\\Dávid\\aPROGRAMOZZ\\WIZSGAMUNKA\\WWIZSGA\\Feladatok\\OFFICE\\MEGOLDÁSOK\\API\\office_sphere_api\\vendor\\laravel\\framework\\src\\Illuminate\\Database\\Console\\Migrations\\MigrateCommand.php(116): Illuminate\\Database\\Migrations\\Migrator->run(Array, Array)
#16 D:\\Dávid\\aPROGRAMOZZ\\WIZSGAMUNKA\\WWIZSGA\\Feladatok\\OFFICE\\MEGOLDÁSOK\\API\\office_sphere_api\\vendor\\laravel\\framework\\src\\Illuminate\\Database\\Migrations\\Migrator.php(665): Illuminate\\Database\\Console\\Migrations\\MigrateCommand->Illuminate\\Database\\Console\\Migrations\\{closure}()
#17 D:\\Dávid\\aPROGRAMOZZ\\WIZSGAMUNKA\\WWIZSGA\\Feladatok\\OFFICE\\MEGOLDÁSOK\\API\\office_sphere_api\\vendor\\laravel\\framework\\src\\Illuminate\\Database\\Console\\Migrations\\MigrateCommand.php(109): Illuminate\\Database\\Migrations\\Migrator->usingConnection(NULL, Object(Closure))
#18 D:\\Dávid\\aPROGRAMOZZ\\WIZSGAMUNKA\\WWIZSGA\\Feladatok\\OFFICE\\MEGOLDÁSOK\\API\\office_sphere_api\\vendor\\laravel\\framework\\src\\Illuminate\\Database\\Console\\Migrations\\MigrateCommand.php(88): Illuminate\\Database\\Console\\Migrations\\MigrateCommand->runMigrations()
#19 D:\\Dávid\\aPROGRAMOZZ\\WIZSGAMUNKA\\WWIZSGA\\Feladatok\\OFFICE\\MEGOLDÁSOK\\API\\office_sphere_api\\vendor\\laravel\\framework\\src\\Illuminate\\Container\\BoundMethod.php(36): Illuminate\\Database\\Console\\Migrations\\MigrateCommand->handle()
#20 D:\\Dávid\\aPROGRAMOZZ\\WIZSGAMUNKA\\WWIZSGA\\Feladatok\\OFFICE\\MEGOLDÁSOK\\API\\office_sphere_api\\vendor\\laravel\\framework\\src\\Illuminate\\Container\\Util.php(43): Illuminate\\Container\\BoundMethod::Illuminate\\Container\\{closure}()
#21 D:\\Dávid\\aPROGRAMOZZ\\WIZSGAMUNKA\\WWIZSGA\\Feladatok\\OFFICE\\MEGOLDÁSOK\\API\\office_sphere_api\\vendor\\laravel\\framework\\src\\Illuminate\\Container\\BoundMethod.php(96): Illuminate\\Container\\Util::unwrapIfClosure(Object(Closure))
#22 D:\\Dávid\\aPROGRAMOZZ\\WIZSGAMUNKA\\WWIZSGA\\Feladatok\\OFFICE\\MEGOLDÁSOK\\API\\office_sphere_api\\vendor\\laravel\\framework\\src\\Illuminate\\Container\\BoundMethod.php(35): Illuminate\\Container\\BoundMethod::callBoundMethod(Object(Illuminate\\Foundation\\Application), Array, Object(Closure))
#23 D:\\Dávid\\aPROGRAMOZZ\\WIZSGAMUNKA\\WWIZSGA\\Feladatok\\OFFICE\\MEGOLDÁSOK\\API\\office_sphere_api\\vendor\\laravel\\framework\\src\\Illuminate\\Container\\Container.php(754): Illuminate\\Container\\BoundMethod::call(Object(Illuminate\\Foundation\\Application), Array, Array, NULL)
#24 D:\\Dávid\\aPROGRAMOZZ\\WIZSGAMUNKA\\WWIZSGA\\Feladatok\\OFFICE\\MEGOLDÁSOK\\API\\office_sphere_api\\vendor\\laravel\\framework\\src\\Illuminate\\Console\\Command.php(211): Illuminate\\Container\\Container->call(Array)
#25 D:\\Dávid\\aPROGRAMOZZ\\WIZSGAMUNKA\\WWIZSGA\\Feladatok\\OFFICE\\MEGOLDÁSOK\\API\\office_sphere_api\\vendor\\symfony\\console\\Command\\Command.php(279): Illuminate\\Console\\Command->execute(Object(Symfony\\Component\\Console\\Input\\ArgvInput), Object(Illuminate\\Console\\OutputStyle))
#26 D:\\Dávid\\aPROGRAMOZZ\\WIZSGAMUNKA\\WWIZSGA\\Feladatok\\OFFICE\\MEGOLDÁSOK\\API\\office_sphere_api\\vendor\\laravel\\framework\\src\\Illuminate\\Console\\Command.php(180): Symfony\\Component\\Console\\Command\\Command->run(Object(Symfony\\Component\\Console\\Input\\ArgvInput), Object(Illuminate\\Console\\OutputStyle))
#27 D:\\Dávid\\aPROGRAMOZZ\\WIZSGAMUNKA\\WWIZSGA\\Feladatok\\OFFICE\\MEGOLDÁSOK\\API\\office_sphere_api\\vendor\\symfony\\console\\Application.php(1094): Illuminate\\Console\\Command->run(Object(Symfony\\Component\\Console\\Input\\ArgvInput), Object(Symfony\\Component\\Console\\Output\\ConsoleOutput))
#28 D:\\Dávid\\aPROGRAMOZZ\\WIZSGAMUNKA\\WWIZSGA\\Feladatok\\OFFICE\\MEGOLDÁSOK\\API\\office_sphere_api\\vendor\\symfony\\console\\Application.php(342): Symfony\\Component\\Console\\Application->doRunCommand(Object(Illuminate\\Database\\Console\\Migrations\\MigrateCommand), Object(Symfony\\Component\\Console\\Input\\ArgvInput), Object(Symfony\\Component\\Console\\Output\\ConsoleOutput))
#29 D:\\Dávid\\aPROGRAMOZZ\\WIZSGAMUNKA\\WWIZSGA\\Feladatok\\OFFICE\\MEGOLDÁSOK\\API\\office_sphere_api\\vendor\\symfony\\console\\Application.php(193): Symfony\\Component\\Console\\Application->doRun(Object(Symfony\\Component\\Console\\Input\\ArgvInput), Object(Symfony\\Component\\Console\\Output\\ConsoleOutput))
#30 D:\\Dávid\\aPROGRAMOZZ\\WIZSGAMUNKA\\WWIZSGA\\Feladatok\\OFFICE\\MEGOLDÁSOK\\API\\office_sphere_api\\vendor\\laravel\\framework\\src\\Illuminate\\Foundation\\Console\\Kernel.php(197): Symfony\\Component\\Console\\Application->run(Object(Symfony\\Component\\Console\\Input\\ArgvInput), Object(Symfony\\Component\\Console\\Output\\ConsoleOutput))
#31 D:\\Dávid\\aPROGRAMOZZ\\WIZSGAMUNKA\\WWIZSGA\\Feladatok\\OFFICE\\MEGOLDÁSOK\\API\\office_sphere_api\\vendor\\laravel\\framework\\src\\Illuminate\\Foundation\\Application.php(1234): Illuminate\\Foundation\\Console\\Kernel->handle(Object(Symfony\\Component\\Console\\Input\\ArgvInput), Object(Symfony\\Component\\Console\\Output\\ConsoleOutput))
#32 D:\\Dávid\\aPROGRAMOZZ\\WIZSGAMUNKA\\WWIZSGA\\Feladatok\\OFFICE\\MEGOLDÁSOK\\API\\office_sphere_api\\artisan(16): Illuminate\\Foundation\\Application->handleCommand(Object(Symfony\\Component\\Console\\Input\\ArgvInput))
#33 {main}
"} 
[2025-05-21 09:54:39] local.ERROR: Method Illuminate\Database\Schema\Blueprint::insignedBigInteger does not exist. {"exception":"[object] (BadMethodCallException(code: 0): Method Illuminate\\Database\\Schema\\Blueprint::insignedBigInteger does not exist. at D:\\Dávid\\aPROGRAMOZZ\\WIZSGAMUNKA\\WWIZSGA\\Feladatok\\OFFICE\\MEGOLDÁSOK\\API\\office_sphere_api\\vendor\\laravel\\framework\\src\\Illuminate\\Macroable\\Traits\\Macroable.php:115)
[stacktrace]
#0 D:\\Dávid\\aPROGRAMOZZ\\WIZSGAMUNKA\\WWIZSGA\\Feladatok\\OFFICE\\MEGOLDÁSOK\\API\\office_sphere_api\\database\\migrations\\2025_05_20_184512_create_rentals_table.php(16): Illuminate\\Database\\Schema\\Blueprint->__call('insignedBigInte...', Array)
#1 D:\\Dávid\\aPROGRAMOZZ\\WIZSGAMUNKA\\WWIZSGA\\Feladatok\\OFFICE\\MEGOLDÁSOK\\API\\office_sphere_api\\vendor\\laravel\\framework\\src\\Illuminate\\Database\\Schema\\Builder.php(475): Illuminate\\Database\\Migrations\\Migration@anonymous->{closure}(Object(Illuminate\\Database\\Schema\\Blueprint))
#2 D:\\Dávid\\aPROGRAMOZZ\\WIZSGAMUNKA\\WWIZSGA\\Feladatok\\OFFICE\\MEGOLDÁSOK\\API\\office_sphere_api\\vendor\\laravel\\framework\\src\\Illuminate\\Support\\helpers.php(399): Illuminate\\Database\\Schema\\Builder->Illuminate\\Database\\Schema\\{closure}(Object(Illuminate\\Database\\Schema\\Blueprint))
#3 D:\\Dávid\\aPROGRAMOZZ\\WIZSGAMUNKA\\WWIZSGA\\Feladatok\\OFFICE\\MEGOLDÁSOK\\API\\office_sphere_api\\vendor\\laravel\\framework\\src\\Illuminate\\Database\\Schema\\Builder.php(472): tap(Object(Illuminate\\Database\\Schema\\Blueprint), Object(Closure))
#4 D:\\Dávid\\aPROGRAMOZZ\\WIZSGAMUNKA\\WWIZSGA\\Feladatok\\OFFICE\\MEGOLDÁSOK\\API\\office_sphere_api\\vendor\\laravel\\framework\\src\\Illuminate\\Support\\Facades\\Facade.php(361): Illuminate\\Database\\Schema\\Builder->create('rentals', Object(Closure))
#5 D:\\Dávid\\aPROGRAMOZZ\\WIZSGAMUNKA\\WWIZSGA\\Feladatok\\OFFICE\\MEGOLDÁSOK\\API\\office_sphere_api\\database\\migrations\\2025_05_20_184512_create_rentals_table.php(14): Illuminate\\Support\\Facades\\Facade::__callStatic('create', Array)
#6 D:\\Dávid\\aPROGRAMOZZ\\WIZSGAMUNKA\\WWIZSGA\\Feladatok\\OFFICE\\MEGOLDÁSOK\\API\\office_sphere_api\\vendor\\laravel\\framework\\src\\Illuminate\\Database\\Migrations\\Migrator.php(514): Illuminate\\Database\\Migrations\\Migration@anonymous->up()
#7 D:\\Dávid\\aPROGRAMOZZ\\WIZSGAMUNKA\\WWIZSGA\\Feladatok\\OFFICE\\MEGOLDÁSOK\\API\\office_sphere_api\\vendor\\laravel\\framework\\src\\Illuminate\\Database\\Migrations\\Migrator.php(439): Illuminate\\Database\\Migrations\\Migrator->runMethod(Object(Illuminate\\Database\\MySqlConnection), Object(Illuminate\\Database\\Migrations\\Migration@anonymous), 'up')
#8 D:\\Dávid\\aPROGRAMOZZ\\WIZSGAMUNKA\\WWIZSGA\\Feladatok\\OFFICE\\MEGOLDÁSOK\\API\\office_sphere_api\\vendor\\laravel\\framework\\src\\Illuminate\\Database\\Migrations\\Migrator.php(448): Illuminate\\Database\\Migrations\\Migrator->Illuminate\\Database\\Migrations\\{closure}()
#9 D:\\Dávid\\aPROGRAMOZZ\\WIZSGAMUNKA\\WWIZSGA\\Feladatok\\OFFICE\\MEGOLDÁSOK\\API\\office_sphere_api\\vendor\\laravel\\framework\\src\\Illuminate\\Database\\Migrations\\Migrator.php(250): Illuminate\\Database\\Migrations\\Migrator->runMigration(Object(Illuminate\\Database\\Migrations\\Migration@anonymous), 'up')
#10 D:\\Dávid\\aPROGRAMOZZ\\WIZSGAMUNKA\\WWIZSGA\\Feladatok\\OFFICE\\MEGOLDÁSOK\\API\\office_sphere_api\\vendor\\laravel\\framework\\src\\Illuminate\\Console\\View\\Components\\Task.php(41): Illuminate\\Database\\Migrations\\Migrator->Illuminate\\Database\\Migrations\\{closure}()
#11 D:\\Dávid\\aPROGRAMOZZ\\WIZSGAMUNKA\\WWIZSGA\\Feladatok\\OFFICE\\MEGOLDÁSOK\\API\\office_sphere_api\\vendor\\laravel\\framework\\src\\Illuminate\\Database\\Migrations\\Migrator.php(805): Illuminate\\Console\\View\\Components\\Task->render('2025_05_20_1845...', Object(Closure))
#12 D:\\Dávid\\aPROGRAMOZZ\\WIZSGAMUNKA\\WWIZSGA\\Feladatok\\OFFICE\\MEGOLDÁSOK\\API\\office_sphere_api\\vendor\\laravel\\framework\\src\\Illuminate\\Database\\Migrations\\Migrator.php(250): Illuminate\\Database\\Migrations\\Migrator->write('Illuminate\\\\Cons...', '2025_05_20_1845...', Object(Closure))
#13 D:\\Dávid\\aPROGRAMOZZ\\WIZSGAMUNKA\\WWIZSGA\\Feladatok\\OFFICE\\MEGOLDÁSOK\\API\\office_sphere_api\\vendor\\laravel\\framework\\src\\Illuminate\\Database\\Migrations\\Migrator.php(210): Illuminate\\Database\\Migrations\\Migrator->runUp('D:\\\\D\\xC3\\xA1vid\\\\aPROG...', 2, false)
#14 D:\\Dávid\\aPROGRAMOZZ\\WIZSGAMUNKA\\WWIZSGA\\Feladatok\\OFFICE\\MEGOLDÁSOK\\API\\office_sphere_api\\vendor\\laravel\\framework\\src\\Illuminate\\Database\\Migrations\\Migrator.php(137): Illuminate\\Database\\Migrations\\Migrator->runPending(Array, Array)
#15 D:\\Dávid\\aPROGRAMOZZ\\WIZSGAMUNKA\\WWIZSGA\\Feladatok\\OFFICE\\MEGOLDÁSOK\\API\\office_sphere_api\\vendor\\laravel\\framework\\src\\Illuminate\\Database\\Console\\Migrations\\MigrateCommand.php(116): Illuminate\\Database\\Migrations\\Migrator->run(Array, Array)
#16 D:\\Dávid\\aPROGRAMOZZ\\WIZSGAMUNKA\\WWIZSGA\\Feladatok\\OFFICE\\MEGOLDÁSOK\\API\\office_sphere_api\\vendor\\laravel\\framework\\src\\Illuminate\\Database\\Migrations\\Migrator.php(665): Illuminate\\Database\\Console\\Migrations\\MigrateCommand->Illuminate\\Database\\Console\\Migrations\\{closure}()
#17 D:\\Dávid\\aPROGRAMOZZ\\WIZSGAMUNKA\\WWIZSGA\\Feladatok\\OFFICE\\MEGOLDÁSOK\\API\\office_sphere_api\\vendor\\laravel\\framework\\src\\Illuminate\\Database\\Console\\Migrations\\MigrateCommand.php(109): Illuminate\\Database\\Migrations\\Migrator->usingConnection(NULL, Object(Closure))
#18 D:\\Dávid\\aPROGRAMOZZ\\WIZSGAMUNKA\\WWIZSGA\\Feladatok\\OFFICE\\MEGOLDÁSOK\\API\\office_sphere_api\\vendor\\laravel\\framework\\src\\Illuminate\\Database\\Console\\Migrations\\MigrateCommand.php(88): Illuminate\\Database\\Console\\Migrations\\MigrateCommand->runMigrations()
#19 D:\\Dávid\\aPROGRAMOZZ\\WIZSGAMUNKA\\WWIZSGA\\Feladatok\\OFFICE\\MEGOLDÁSOK\\API\\office_sphere_api\\vendor\\laravel\\framework\\src\\Illuminate\\Container\\BoundMethod.php(36): Illuminate\\Database\\Console\\Migrations\\MigrateCommand->handle()
#20 D:\\Dávid\\aPROGRAMOZZ\\WIZSGAMUNKA\\WWIZSGA\\Feladatok\\OFFICE\\MEGOLDÁSOK\\API\\office_sphere_api\\vendor\\laravel\\framework\\src\\Illuminate\\Container\\Util.php(43): Illuminate\\Container\\BoundMethod::Illuminate\\Container\\{closure}()
#21 D:\\Dávid\\aPROGRAMOZZ\\WIZSGAMUNKA\\WWIZSGA\\Feladatok\\OFFICE\\MEGOLDÁSOK\\API\\office_sphere_api\\vendor\\laravel\\framework\\src\\Illuminate\\Container\\BoundMethod.php(96): Illuminate\\Container\\Util::unwrapIfClosure(Object(Closure))
#22 D:\\Dávid\\aPROGRAMOZZ\\WIZSGAMUNKA\\WWIZSGA\\Feladatok\\OFFICE\\MEGOLDÁSOK\\API\\office_sphere_api\\vendor\\laravel\\framework\\src\\Illuminate\\Container\\BoundMethod.php(35): Illuminate\\Container\\BoundMethod::callBoundMethod(Object(Illuminate\\Foundation\\Application), Array, Object(Closure))
#23 D:\\Dávid\\aPROGRAMOZZ\\WIZSGAMUNKA\\WWIZSGA\\Feladatok\\OFFICE\\MEGOLDÁSOK\\API\\office_sphere_api\\vendor\\laravel\\framework\\src\\Illuminate\\Container\\Container.php(754): Illuminate\\Container\\BoundMethod::call(Object(Illuminate\\Foundation\\Application), Array, Array, NULL)
#24 D:\\Dávid\\aPROGRAMOZZ\\WIZSGAMUNKA\\WWIZSGA\\Feladatok\\OFFICE\\MEGOLDÁSOK\\API\\office_sphere_api\\vendor\\laravel\\framework\\src\\Illuminate\\Console\\Command.php(211): Illuminate\\Container\\Container->call(Array)
#25 D:\\Dávid\\aPROGRAMOZZ\\WIZSGAMUNKA\\WWIZSGA\\Feladatok\\OFFICE\\MEGOLDÁSOK\\API\\office_sphere_api\\vendor\\symfony\\console\\Command\\Command.php(279): Illuminate\\Console\\Command->execute(Object(Symfony\\Component\\Console\\Input\\ArgvInput), Object(Illuminate\\Console\\OutputStyle))
#26 D:\\Dávid\\aPROGRAMOZZ\\WIZSGAMUNKA\\WWIZSGA\\Feladatok\\OFFICE\\MEGOLDÁSOK\\API\\office_sphere_api\\vendor\\laravel\\framework\\src\\Illuminate\\Console\\Command.php(180): Symfony\\Component\\Console\\Command\\Command->run(Object(Symfony\\Component\\Console\\Input\\ArgvInput), Object(Illuminate\\Console\\OutputStyle))
#27 D:\\Dávid\\aPROGRAMOZZ\\WIZSGAMUNKA\\WWIZSGA\\Feladatok\\OFFICE\\MEGOLDÁSOK\\API\\office_sphere_api\\vendor\\symfony\\console\\Application.php(1094): Illuminate\\Console\\Command->run(Object(Symfony\\Component\\Console\\Input\\ArgvInput), Object(Symfony\\Component\\Console\\Output\\ConsoleOutput))
#28 D:\\Dávid\\aPROGRAMOZZ\\WIZSGAMUNKA\\WWIZSGA\\Feladatok\\OFFICE\\MEGOLDÁSOK\\API\\office_sphere_api\\vendor\\symfony\\console\\Application.php(342): Symfony\\Component\\Console\\Application->doRunCommand(Object(Illuminate\\Database\\Console\\Migrations\\MigrateCommand), Object(Symfony\\Component\\Console\\Input\\ArgvInput), Object(Symfony\\Component\\Console\\Output\\ConsoleOutput))
#29 D:\\Dávid\\aPROGRAMOZZ\\WIZSGAMUNKA\\WWIZSGA\\Feladatok\\OFFICE\\MEGOLDÁSOK\\API\\office_sphere_api\\vendor\\symfony\\console\\Application.php(193): Symfony\\Component\\Console\\Application->doRun(Object(Symfony\\Component\\Console\\Input\\ArgvInput), Object(Symfony\\Component\\Console\\Output\\ConsoleOutput))
#30 D:\\Dávid\\aPROGRAMOZZ\\WIZSGAMUNKA\\WWIZSGA\\Feladatok\\OFFICE\\MEGOLDÁSOK\\API\\office_sphere_api\\vendor\\laravel\\framework\\src\\Illuminate\\Foundation\\Console\\Kernel.php(197): Symfony\\Component\\Console\\Application->run(Object(Symfony\\Component\\Console\\Input\\ArgvInput), Object(Symfony\\Component\\Console\\Output\\ConsoleOutput))
#31 D:\\Dávid\\aPROGRAMOZZ\\WIZSGAMUNKA\\WWIZSGA\\Feladatok\\OFFICE\\MEGOLDÁSOK\\API\\office_sphere_api\\vendor\\laravel\\framework\\src\\Illuminate\\Foundation\\Application.php(1234): Illuminate\\Foundation\\Console\\Kernel->handle(Object(Symfony\\Component\\Console\\Input\\ArgvInput), Object(Symfony\\Component\\Console\\Output\\ConsoleOutput))
#32 D:\\Dávid\\aPROGRAMOZZ\\WIZSGAMUNKA\\WWIZSGA\\Feladatok\\OFFICE\\MEGOLDÁSOK\\API\\office_sphere_api\\artisan(16): Illuminate\\Foundation\\Application->handleCommand(Object(Symfony\\Component\\Console\\Input\\ArgvInput))
#33 {main}
"} 
[2025-05-21 13:12:29] local.ERROR: Undefined array key "officeId" {"exception":"[object] (ErrorException(code: 0): Undefined array key \"officeId\" at D:\\Dávid\\aPROGRAMOZZ\\WIZSGAMUNKA\\WWIZSGA\\Feladatok\\OFFICE\\MEGOLDÁSOK\\API\\office_sphere_api\\app\\Http\\Controllers\\RentalController.php:52)
[stacktrace]
#0 D:\\Dávid\\aPROGRAMOZZ\\WIZSGAMUNKA\\WWIZSGA\\Feladatok\\OFFICE\\MEGOLDÁSOK\\API\\office_sphere_api\\vendor\\laravel\\framework\\src\\Illuminate\\Foundation\\Bootstrap\\HandleExceptions.php(256): Illuminate\\Foundation\\Bootstrap\\HandleExceptions->handleError(2, 'Undefined array...', 'D:\\\\D\\xC3\\xA1vid\\\\aPROG...', 52)
#1 D:\\Dávid\\aPROGRAMOZZ\\WIZSGAMUNKA\\WWIZSGA\\Feladatok\\OFFICE\\MEGOLDÁSOK\\API\\office_sphere_api\\app\\Http\\Controllers\\RentalController.php(52): Illuminate\\Foundation\\Bootstrap\\HandleExceptions->Illuminate\\Foundation\\Bootstrap\\{closure}(2, 'Undefined array...', 'D:\\\\D\\xC3\\xA1vid\\\\aPROG...', 52)
#2 D:\\Dávid\\aPROGRAMOZZ\\WIZSGAMUNKA\\WWIZSGA\\Feladatok\\OFFICE\\MEGOLDÁSOK\\API\\office_sphere_api\\vendor\\laravel\\framework\\src\\Illuminate\\Routing\\ControllerDispatcher.php(46): App\\Http\\Controllers\\RentalController->store(Object(Illuminate\\Http\\Request))
#3 D:\\Dávid\\aPROGRAMOZZ\\WIZSGAMUNKA\\WWIZSGA\\Feladatok\\OFFICE\\MEGOLDÁSOK\\API\\office_sphere_api\\vendor\\laravel\\framework\\src\\Illuminate\\Routing\\Route.php(265): Illuminate\\Routing\\ControllerDispatcher->dispatch(Object(Illuminate\\Routing\\Route), Object(App\\Http\\Controllers\\RentalController), 'store')
#4 D:\\Dávid\\aPROGRAMOZZ\\WIZSGAMUNKA\\WWIZSGA\\Feladatok\\OFFICE\\MEGOLDÁSOK\\API\\office_sphere_api\\vendor\\laravel\\framework\\src\\Illuminate\\Routing\\Route.php(211): Illuminate\\Routing\\Route->runController()
#5 D:\\Dávid\\aPROGRAMOZZ\\WIZSGAMUNKA\\WWIZSGA\\Feladatok\\OFFICE\\MEGOLDÁSOK\\API\\office_sphere_api\\vendor\\laravel\\framework\\src\\Illuminate\\Routing\\Router.php(808): Illuminate\\Routing\\Route->run()
#6 D:\\Dávid\\aPROGRAMOZZ\\WIZSGAMUNKA\\WWIZSGA\\Feladatok\\OFFICE\\MEGOLDÁSOK\\API\\office_sphere_api\\vendor\\laravel\\framework\\src\\Illuminate\\Pipeline\\Pipeline.php(169): Illuminate\\Routing\\Router->Illuminate\\Routing\\{closure}(Object(Illuminate\\Http\\Request))
#7 D:\\Dávid\\aPROGRAMOZZ\\WIZSGAMUNKA\\WWIZSGA\\Feladatok\\OFFICE\\MEGOLDÁSOK\\API\\office_sphere_api\\vendor\\laravel\\framework\\src\\Illuminate\\Routing\\Middleware\\SubstituteBindings.php(50): Illuminate\\Pipeline\\Pipeline->Illuminate\\Pipeline\\{closure}(Object(Illuminate\\Http\\Request))
#8 D:\\Dávid\\aPROGRAMOZZ\\WIZSGAMUNKA\\WWIZSGA\\Feladatok\\OFFICE\\MEGOLDÁSOK\\API\\office_sphere_api\\vendor\\laravel\\framework\\src\\Illuminate\\Pipeline\\Pipeline.php(208): Illuminate\\Routing\\Middleware\\SubstituteBindings->handle(Object(Illuminate\\Http\\Request), Object(Closure))
#9 D:\\Dávid\\aPROGRAMOZZ\\WIZSGAMUNKA\\WWIZSGA\\Feladatok\\OFFICE\\MEGOLDÁSOK\\API\\office_sphere_api\\vendor\\laravel\\framework\\src\\Illuminate\\Pipeline\\Pipeline.php(126): Illuminate\\Pipeline\\Pipeline->Illuminate\\Pipeline\\{closure}(Object(Illuminate\\Http\\Request))
#10 D:\\Dávid\\aPROGRAMOZZ\\WIZSGAMUNKA\\WWIZSGA\\Feladatok\\OFFICE\\MEGOLDÁSOK\\API\\office_sphere_api\\vendor\\laravel\\framework\\src\\Illuminate\\Routing\\Router.php(807): Illuminate\\Pipeline\\Pipeline->then(Object(Closure))
#11 D:\\Dávid\\aPROGRAMOZZ\\WIZSGAMUNKA\\WWIZSGA\\Feladatok\\OFFICE\\MEGOLDÁSOK\\API\\office_sphere_api\\vendor\\laravel\\framework\\src\\Illuminate\\Routing\\Router.php(786): Illuminate\\Routing\\Router->runRouteWithinStack(Object(Illuminate\\Routing\\Route), Object(Illuminate\\Http\\Request))
#12 D:\\Dávid\\aPROGRAMOZZ\\WIZSGAMUNKA\\WWIZSGA\\Feladatok\\OFFICE\\MEGOLDÁSOK\\API\\office_sphere_api\\vendor\\laravel\\framework\\src\\Illuminate\\Routing\\Router.php(750): Illuminate\\Routing\\Router->runRoute(Object(Illuminate\\Http\\Request), Object(Illuminate\\Routing\\Route))
#13 D:\\Dávid\\aPROGRAMOZZ\\WIZSGAMUNKA\\WWIZSGA\\Feladatok\\OFFICE\\MEGOLDÁSOK\\API\\office_sphere_api\\vendor\\laravel\\framework\\src\\Illuminate\\Routing\\Router.php(739): Illuminate\\Routing\\Router->dispatchToRoute(Object(Illuminate\\Http\\Request))
#14 D:\\Dávid\\aPROGRAMOZZ\\WIZSGAMUNKA\\WWIZSGA\\Feladatok\\OFFICE\\MEGOLDÁSOK\\API\\office_sphere_api\\vendor\\laravel\\framework\\src\\Illuminate\\Foundation\\Http\\Kernel.php(200): Illuminate\\Routing\\Router->dispatch(Object(Illuminate\\Http\\Request))
#15 D:\\Dávid\\aPROGRAMOZZ\\WIZSGAMUNKA\\WWIZSGA\\Feladatok\\OFFICE\\MEGOLDÁSOK\\API\\office_sphere_api\\vendor\\laravel\\framework\\src\\Illuminate\\Pipeline\\Pipeline.php(169): Illuminate\\Foundation\\Http\\Kernel->Illuminate\\Foundation\\Http\\{closure}(Object(Illuminate\\Http\\Request))
#16 D:\\Dávid\\aPROGRAMOZZ\\WIZSGAMUNKA\\WWIZSGA\\Feladatok\\OFFICE\\MEGOLDÁSOK\\API\\office_sphere_api\\vendor\\laravel\\framework\\src\\Illuminate\\Foundation\\Http\\Middleware\\TransformsRequest.php(21): Illuminate\\Pipeline\\Pipeline->Illuminate\\Pipeline\\{closure}(Object(Illuminate\\Http\\Request))
#17 D:\\Dávid\\aPROGRAMOZZ\\WIZSGAMUNKA\\WWIZSGA\\Feladatok\\OFFICE\\MEGOLDÁSOK\\API\\office_sphere_api\\vendor\\laravel\\framework\\src\\Illuminate\\Foundation\\Http\\Middleware\\ConvertEmptyStringsToNull.php(31): Illuminate\\Foundation\\Http\\Middleware\\TransformsRequest->handle(Object(Illuminate\\Http\\Request), Object(Closure))
#18 D:\\Dávid\\aPROGRAMOZZ\\WIZSGAMUNKA\\WWIZSGA\\Feladatok\\OFFICE\\MEGOLDÁSOK\\API\\office_sphere_api\\vendor\\laravel\\framework\\src\\Illuminate\\Pipeline\\Pipeline.php(208): Illuminate\\Foundation\\Http\\Middleware\\ConvertEmptyStringsToNull->handle(Object(Illuminate\\Http\\Request), Object(Closure))
#19 D:\\Dávid\\aPROGRAMOZZ\\WIZSGAMUNKA\\WWIZSGA\\Feladatok\\OFFICE\\MEGOLDÁSOK\\API\\office_sphere_api\\vendor\\laravel\\framework\\src\\Illuminate\\Foundation\\Http\\Middleware\\TransformsRequest.php(21): Illuminate\\Pipeline\\Pipeline->Illuminate\\Pipeline\\{closure}(Object(Illuminate\\Http\\Request))
#20 D:\\Dávid\\aPROGRAMOZZ\\WIZSGAMUNKA\\WWIZSGA\\Feladatok\\OFFICE\\MEGOLDÁSOK\\API\\office_sphere_api\\vendor\\laravel\\framework\\src\\Illuminate\\Foundation\\Http\\Middleware\\TrimStrings.php(51): Illuminate\\Foundation\\Http\\Middleware\\TransformsRequest->handle(Object(Illuminate\\Http\\Request), Object(Closure))
#21 D:\\Dávid\\aPROGRAMOZZ\\WIZSGAMUNKA\\WWIZSGA\\Feladatok\\OFFICE\\MEGOLDÁSOK\\API\\office_sphere_api\\vendor\\laravel\\framework\\src\\Illuminate\\Pipeline\\Pipeline.php(208): Illuminate\\Foundation\\Http\\Middleware\\TrimStrings->handle(Object(Illuminate\\Http\\Request), Object(Closure))
#22 D:\\Dávid\\aPROGRAMOZZ\\WIZSGAMUNKA\\WWIZSGA\\Feladatok\\OFFICE\\MEGOLDÁSOK\\API\\office_sphere_api\\vendor\\laravel\\framework\\src\\Illuminate\\Http\\Middleware\\ValidatePostSize.php(27): Illuminate\\Pipeline\\Pipeline->Illuminate\\Pipeline\\{closure}(Object(Illuminate\\Http\\Request))
#23 D:\\Dávid\\aPROGRAMOZZ\\WIZSGAMUNKA\\WWIZSGA\\Feladatok\\OFFICE\\MEGOLDÁSOK\\API\\office_sphere_api\\vendor\\laravel\\framework\\src\\Illuminate\\Pipeline\\Pipeline.php(208): Illuminate\\Http\\Middleware\\ValidatePostSize->handle(Object(Illuminate\\Http\\Request), Object(Closure))
#24 D:\\Dávid\\aPROGRAMOZZ\\WIZSGAMUNKA\\WWIZSGA\\Feladatok\\OFFICE\\MEGOLDÁSOK\\API\\office_sphere_api\\vendor\\laravel\\framework\\src\\Illuminate\\Foundation\\Http\\Middleware\\PreventRequestsDuringMaintenance.php(109): Illuminate\\Pipeline\\Pipeline->Illuminate\\Pipeline\\{closure}(Object(Illuminate\\Http\\Request))
#25 D:\\Dávid\\aPROGRAMOZZ\\WIZSGAMUNKA\\WWIZSGA\\Feladatok\\OFFICE\\MEGOLDÁSOK\\API\\office_sphere_api\\vendor\\laravel\\framework\\src\\Illuminate\\Pipeline\\Pipeline.php(208): Illuminate\\Foundation\\Http\\Middleware\\PreventRequestsDuringMaintenance->handle(Object(Illuminate\\Http\\Request), Object(Closure))
#26 D:\\Dávid\\aPROGRAMOZZ\\WIZSGAMUNKA\\WWIZSGA\\Feladatok\\OFFICE\\MEGOLDÁSOK\\API\\office_sphere_api\\vendor\\laravel\\framework\\src\\Illuminate\\Http\\Middleware\\HandleCors.php(61): Illuminate\\Pipeline\\Pipeline->Illuminate\\Pipeline\\{closure}(Object(Illuminate\\Http\\Request))
#27 D:\\Dávid\\aPROGRAMOZZ\\WIZSGAMUNKA\\WWIZSGA\\Feladatok\\OFFICE\\MEGOLDÁSOK\\API\\office_sphere_api\\vendor\\laravel\\framework\\src\\Illuminate\\Pipeline\\Pipeline.php(208): Illuminate\\Http\\Middleware\\HandleCors->handle(Object(Illuminate\\Http\\Request), Object(Closure))
#28 D:\\Dávid\\aPROGRAMOZZ\\WIZSGAMUNKA\\WWIZSGA\\Feladatok\\OFFICE\\MEGOLDÁSOK\\API\\office_sphere_api\\vendor\\laravel\\framework\\src\\Illuminate\\Http\\Middleware\\TrustProxies.php(58): Illuminate\\Pipeline\\Pipeline->Illuminate\\Pipeline\\{closure}(Object(Illuminate\\Http\\Request))
#29 D:\\Dávid\\aPROGRAMOZZ\\WIZSGAMUNKA\\WWIZSGA\\Feladatok\\OFFICE\\MEGOLDÁSOK\\API\\office_sphere_api\\vendor\\laravel\\framework\\src\\Illuminate\\Pipeline\\Pipeline.php(208): Illuminate\\Http\\Middleware\\TrustProxies->handle(Object(Illuminate\\Http\\Request), Object(Closure))
#30 D:\\Dávid\\aPROGRAMOZZ\\WIZSGAMUNKA\\WWIZSGA\\Feladatok\\OFFICE\\MEGOLDÁSOK\\API\\office_sphere_api\\vendor\\laravel\\framework\\src\\Illuminate\\Foundation\\Http\\Middleware\\InvokeDeferredCallbacks.php(22): Illuminate\\Pipeline\\Pipeline->Illuminate\\Pipeline\\{closure}(Object(Illuminate\\Http\\Request))
#31 D:\\Dávid\\aPROGRAMOZZ\\WIZSGAMUNKA\\WWIZSGA\\Feladatok\\OFFICE\\MEGOLDÁSOK\\API\\office_sphere_api\\vendor\\laravel\\framework\\src\\Illuminate\\Pipeline\\Pipeline.php(208): Illuminate\\Foundation\\Http\\Middleware\\InvokeDeferredCallbacks->handle(Object(Illuminate\\Http\\Request), Object(Closure))
#32 D:\\Dávid\\aPROGRAMOZZ\\WIZSGAMUNKA\\WWIZSGA\\Feladatok\\OFFICE\\MEGOLDÁSOK\\API\\office_sphere_api\\vendor\\laravel\\framework\\src\\Illuminate\\Http\\Middleware\\ValidatePathEncoding.php(26): Illuminate\\Pipeline\\Pipeline->Illuminate\\Pipeline\\{closure}(Object(Illuminate\\Http\\Request))
#33 D:\\Dávid\\aPROGRAMOZZ\\WIZSGAMUNKA\\WWIZSGA\\Feladatok\\OFFICE\\MEGOLDÁSOK\\API\\office_sphere_api\\vendor\\laravel\\framework\\src\\Illuminate\\Pipeline\\Pipeline.php(208): Illuminate\\Http\\Middleware\\ValidatePathEncoding->handle(Object(Illuminate\\Http\\Request), Object(Closure))
#34 D:\\Dávid\\aPROGRAMOZZ\\WIZSGAMUNKA\\WWIZSGA\\Feladatok\\OFFICE\\MEGOLDÁSOK\\API\\office_sphere_api\\vendor\\laravel\\framework\\src\\Illuminate\\Pipeline\\Pipeline.php(126): Illuminate\\Pipeline\\Pipeline->Illuminate\\Pipeline\\{closure}(Object(Illuminate\\Http\\Request))
#35 D:\\Dávid\\aPROGRAMOZZ\\WIZSGAMUNKA\\WWIZSGA\\Feladatok\\OFFICE\\MEGOLDÁSOK\\API\\office_sphere_api\\vendor\\laravel\\framework\\src\\Illuminate\\Foundation\\Http\\Kernel.php(175): Illuminate\\Pipeline\\Pipeline->then(Object(Closure))
#36 D:\\Dávid\\aPROGRAMOZZ\\WIZSGAMUNKA\\WWIZSGA\\Feladatok\\OFFICE\\MEGOLDÁSOK\\API\\office_sphere_api\\vendor\\laravel\\framework\\src\\Illuminate\\Foundation\\Http\\Kernel.php(144): Illuminate\\Foundation\\Http\\Kernel->sendRequestThroughRouter(Object(Illuminate\\Http\\Request))
#37 D:\\Dávid\\aPROGRAMOZZ\\WIZSGAMUNKA\\WWIZSGA\\Feladatok\\OFFICE\\MEGOLDÁSOK\\API\\office_sphere_api\\vendor\\laravel\\framework\\src\\Illuminate\\Foundation\\Application.php(1219): Illuminate\\Foundation\\Http\\Kernel->handle(Object(Illuminate\\Http\\Request))
#38 D:\\Dávid\\aPROGRAMOZZ\\WIZSGAMUNKA\\WWIZSGA\\Feladatok\\OFFICE\\MEGOLDÁSOK\\API\\office_sphere_api\\public\\index.php(20): Illuminate\\Foundation\\Application->handleRequest(Object(Illuminate\\Http\\Request))
#39 D:\\Dávid\\aPROGRAMOZZ\\WIZSGAMUNKA\\WWIZSGA\\Feladatok\\OFFICE\\MEGOLDÁSOK\\API\\office_sphere_api\\vendor\\laravel\\framework\\src\\Illuminate\\Foundation\\resources\\server.php(23): require_once('D:\\\\D\\xC3\\xA1vid\\\\aPROG...')
#40 {main}
"} 
[2025-05-21 13:12:59] local.ERROR: Undefined array key "officeId" {"exception":"[object] (ErrorException(code: 0): Undefined array key \"officeId\" at D:\\Dávid\\aPROGRAMOZZ\\WIZSGAMUNKA\\WWIZSGA\\Feladatok\\OFFICE\\MEGOLDÁSOK\\API\\office_sphere_api\\app\\Http\\Controllers\\RentalController.php:52)
[stacktrace]
#0 D:\\Dávid\\aPROGRAMOZZ\\WIZSGAMUNKA\\WWIZSGA\\Feladatok\\OFFICE\\MEGOLDÁSOK\\API\\office_sphere_api\\vendor\\laravel\\framework\\src\\Illuminate\\Foundation\\Bootstrap\\HandleExceptions.php(256): Illuminate\\Foundation\\Bootstrap\\HandleExceptions->handleError(2, 'Undefined array...', 'D:\\\\D\\xC3\\xA1vid\\\\aPROG...', 52)
#1 D:\\Dávid\\aPROGRAMOZZ\\WIZSGAMUNKA\\WWIZSGA\\Feladatok\\OFFICE\\MEGOLDÁSOK\\API\\office_sphere_api\\app\\Http\\Controllers\\RentalController.php(52): Illuminate\\Foundation\\Bootstrap\\HandleExceptions->Illuminate\\Foundation\\Bootstrap\\{closure}(2, 'Undefined array...', 'D:\\\\D\\xC3\\xA1vid\\\\aPROG...', 52)
#2 D:\\Dávid\\aPROGRAMOZZ\\WIZSGAMUNKA\\WWIZSGA\\Feladatok\\OFFICE\\MEGOLDÁSOK\\API\\office_sphere_api\\vendor\\laravel\\framework\\src\\Illuminate\\Routing\\ControllerDispatcher.php(46): App\\Http\\Controllers\\RentalController->store(Object(Illuminate\\Http\\Request))
#3 D:\\Dávid\\aPROGRAMOZZ\\WIZSGAMUNKA\\WWIZSGA\\Feladatok\\OFFICE\\MEGOLDÁSOK\\API\\office_sphere_api\\vendor\\laravel\\framework\\src\\Illuminate\\Routing\\Route.php(265): Illuminate\\Routing\\ControllerDispatcher->dispatch(Object(Illuminate\\Routing\\Route), Object(App\\Http\\Controllers\\RentalController), 'store')
#4 D:\\Dávid\\aPROGRAMOZZ\\WIZSGAMUNKA\\WWIZSGA\\Feladatok\\OFFICE\\MEGOLDÁSOK\\API\\office_sphere_api\\vendor\\laravel\\framework\\src\\Illuminate\\Routing\\Route.php(211): Illuminate\\Routing\\Route->runController()
#5 D:\\Dávid\\aPROGRAMOZZ\\WIZSGAMUNKA\\WWIZSGA\\Feladatok\\OFFICE\\MEGOLDÁSOK\\API\\office_sphere_api\\vendor\\laravel\\framework\\src\\Illuminate\\Routing\\Router.php(808): Illuminate\\Routing\\Route->run()
#6 D:\\Dávid\\aPROGRAMOZZ\\WIZSGAMUNKA\\WWIZSGA\\Feladatok\\OFFICE\\MEGOLDÁSOK\\API\\office_sphere_api\\vendor\\laravel\\framework\\src\\Illuminate\\Pipeline\\Pipeline.php(169): Illuminate\\Routing\\Router->Illuminate\\Routing\\{closure}(Object(Illuminate\\Http\\Request))
#7 D:\\Dávid\\aPROGRAMOZZ\\WIZSGAMUNKA\\WWIZSGA\\Feladatok\\OFFICE\\MEGOLDÁSOK\\API\\office_sphere_api\\vendor\\laravel\\framework\\src\\Illuminate\\Routing\\Middleware\\SubstituteBindings.php(50): Illuminate\\Pipeline\\Pipeline->Illuminate\\Pipeline\\{closure}(Object(Illuminate\\Http\\Request))
#8 D:\\Dávid\\aPROGRAMOZZ\\WIZSGAMUNKA\\WWIZSGA\\Feladatok\\OFFICE\\MEGOLDÁSOK\\API\\office_sphere_api\\vendor\\laravel\\framework\\src\\Illuminate\\Pipeline\\Pipeline.php(208): Illuminate\\Routing\\Middleware\\SubstituteBindings->handle(Object(Illuminate\\Http\\Request), Object(Closure))
#9 D:\\Dávid\\aPROGRAMOZZ\\WIZSGAMUNKA\\WWIZSGA\\Feladatok\\OFFICE\\MEGOLDÁSOK\\API\\office_sphere_api\\vendor\\laravel\\framework\\src\\Illuminate\\Pipeline\\Pipeline.php(126): Illuminate\\Pipeline\\Pipeline->Illuminate\\Pipeline\\{closure}(Object(Illuminate\\Http\\Request))
#10 D:\\Dávid\\aPROGRAMOZZ\\WIZSGAMUNKA\\WWIZSGA\\Feladatok\\OFFICE\\MEGOLDÁSOK\\API\\office_sphere_api\\vendor\\laravel\\framework\\src\\Illuminate\\Routing\\Router.php(807): Illuminate\\Pipeline\\Pipeline->then(Object(Closure))
#11 D:\\Dávid\\aPROGRAMOZZ\\WIZSGAMUNKA\\WWIZSGA\\Feladatok\\OFFICE\\MEGOLDÁSOK\\API\\office_sphere_api\\vendor\\laravel\\framework\\src\\Illuminate\\Routing\\Router.php(786): Illuminate\\Routing\\Router->runRouteWithinStack(Object(Illuminate\\Routing\\Route), Object(Illuminate\\Http\\Request))
#12 D:\\Dávid\\aPROGRAMOZZ\\WIZSGAMUNKA\\WWIZSGA\\Feladatok\\OFFICE\\MEGOLDÁSOK\\API\\office_sphere_api\\vendor\\laravel\\framework\\src\\Illuminate\\Routing\\Router.php(750): Illuminate\\Routing\\Router->runRoute(Object(Illuminate\\Http\\Request), Object(Illuminate\\Routing\\Route))
#13 D:\\Dávid\\aPROGRAMOZZ\\WIZSGAMUNKA\\WWIZSGA\\Feladatok\\OFFICE\\MEGOLDÁSOK\\API\\office_sphere_api\\vendor\\laravel\\framework\\src\\Illuminate\\Routing\\Router.php(739): Illuminate\\Routing\\Router->dispatchToRoute(Object(Illuminate\\Http\\Request))
#14 D:\\Dávid\\aPROGRAMOZZ\\WIZSGAMUNKA\\WWIZSGA\\Feladatok\\OFFICE\\MEGOLDÁSOK\\API\\office_sphere_api\\vendor\\laravel\\framework\\src\\Illuminate\\Foundation\\Http\\Kernel.php(200): Illuminate\\Routing\\Router->dispatch(Object(Illuminate\\Http\\Request))
#15 D:\\Dávid\\aPROGRAMOZZ\\WIZSGAMUNKA\\WWIZSGA\\Feladatok\\OFFICE\\MEGOLDÁSOK\\API\\office_sphere_api\\vendor\\laravel\\framework\\src\\Illuminate\\Pipeline\\Pipeline.php(169): Illuminate\\Foundation\\Http\\Kernel->Illuminate\\Foundation\\Http\\{closure}(Object(Illuminate\\Http\\Request))
#16 D:\\Dávid\\aPROGRAMOZZ\\WIZSGAMUNKA\\WWIZSGA\\Feladatok\\OFFICE\\MEGOLDÁSOK\\API\\office_sphere_api\\vendor\\laravel\\framework\\src\\Illuminate\\Foundation\\Http\\Middleware\\TransformsRequest.php(21): Illuminate\\Pipeline\\Pipeline->Illuminate\\Pipeline\\{closure}(Object(Illuminate\\Http\\Request))
#17 D:\\Dávid\\aPROGRAMOZZ\\WIZSGAMUNKA\\WWIZSGA\\Feladatok\\OFFICE\\MEGOLDÁSOK\\API\\office_sphere_api\\vendor\\laravel\\framework\\src\\Illuminate\\Foundation\\Http\\Middleware\\ConvertEmptyStringsToNull.php(31): Illuminate\\Foundation\\Http\\Middleware\\TransformsRequest->handle(Object(Illuminate\\Http\\Request), Object(Closure))
#18 D:\\Dávid\\aPROGRAMOZZ\\WIZSGAMUNKA\\WWIZSGA\\Feladatok\\OFFICE\\MEGOLDÁSOK\\API\\office_sphere_api\\vendor\\laravel\\framework\\src\\Illuminate\\Pipeline\\Pipeline.php(208): Illuminate\\Foundation\\Http\\Middleware\\ConvertEmptyStringsToNull->handle(Object(Illuminate\\Http\\Request), Object(Closure))
#19 D:\\Dávid\\aPROGRAMOZZ\\WIZSGAMUNKA\\WWIZSGA\\Feladatok\\OFFICE\\MEGOLDÁSOK\\API\\office_sphere_api\\vendor\\laravel\\framework\\src\\Illuminate\\Foundation\\Http\\Middleware\\TransformsRequest.php(21): Illuminate\\Pipeline\\Pipeline->Illuminate\\Pipeline\\{closure}(Object(Illuminate\\Http\\Request))
#20 D:\\Dávid\\aPROGRAMOZZ\\WIZSGAMUNKA\\WWIZSGA\\Feladatok\\OFFICE\\MEGOLDÁSOK\\API\\office_sphere_api\\vendor\\laravel\\framework\\src\\Illuminate\\Foundation\\Http\\Middleware\\TrimStrings.php(51): Illuminate\\Foundation\\Http\\Middleware\\TransformsRequest->handle(Object(Illuminate\\Http\\Request), Object(Closure))
#21 D:\\Dávid\\aPROGRAMOZZ\\WIZSGAMUNKA\\WWIZSGA\\Feladatok\\OFFICE\\MEGOLDÁSOK\\API\\office_sphere_api\\vendor\\laravel\\framework\\src\\Illuminate\\Pipeline\\Pipeline.php(208): Illuminate\\Foundation\\Http\\Middleware\\TrimStrings->handle(Object(Illuminate\\Http\\Request), Object(Closure))
#22 D:\\Dávid\\aPROGRAMOZZ\\WIZSGAMUNKA\\WWIZSGA\\Feladatok\\OFFICE\\MEGOLDÁSOK\\API\\office_sphere_api\\vendor\\laravel\\framework\\src\\Illuminate\\Http\\Middleware\\ValidatePostSize.php(27): Illuminate\\Pipeline\\Pipeline->Illuminate\\Pipeline\\{closure}(Object(Illuminate\\Http\\Request))
#23 D:\\Dávid\\aPROGRAMOZZ\\WIZSGAMUNKA\\WWIZSGA\\Feladatok\\OFFICE\\MEGOLDÁSOK\\API\\office_sphere_api\\vendor\\laravel\\framework\\src\\Illuminate\\Pipeline\\Pipeline.php(208): Illuminate\\Http\\Middleware\\ValidatePostSize->handle(Object(Illuminate\\Http\\Request), Object(Closure))
#24 D:\\Dávid\\aPROGRAMOZZ\\WIZSGAMUNKA\\WWIZSGA\\Feladatok\\OFFICE\\MEGOLDÁSOK\\API\\office_sphere_api\\vendor\\laravel\\framework\\src\\Illuminate\\Foundation\\Http\\Middleware\\PreventRequestsDuringMaintenance.php(109): Illuminate\\Pipeline\\Pipeline->Illuminate\\Pipeline\\{closure}(Object(Illuminate\\Http\\Request))
#25 D:\\Dávid\\aPROGRAMOZZ\\WIZSGAMUNKA\\WWIZSGA\\Feladatok\\OFFICE\\MEGOLDÁSOK\\API\\office_sphere_api\\vendor\\laravel\\framework\\src\\Illuminate\\Pipeline\\Pipeline.php(208): Illuminate\\Foundation\\Http\\Middleware\\PreventRequestsDuringMaintenance->handle(Object(Illuminate\\Http\\Request), Object(Closure))
#26 D:\\Dávid\\aPROGRAMOZZ\\WIZSGAMUNKA\\WWIZSGA\\Feladatok\\OFFICE\\MEGOLDÁSOK\\API\\office_sphere_api\\vendor\\laravel\\framework\\src\\Illuminate\\Http\\Middleware\\HandleCors.php(61): Illuminate\\Pipeline\\Pipeline->Illuminate\\Pipeline\\{closure}(Object(Illuminate\\Http\\Request))
#27 D:\\Dávid\\aPROGRAMOZZ\\WIZSGAMUNKA\\WWIZSGA\\Feladatok\\OFFICE\\MEGOLDÁSOK\\API\\office_sphere_api\\vendor\\laravel\\framework\\src\\Illuminate\\Pipeline\\Pipeline.php(208): Illuminate\\Http\\Middleware\\HandleCors->handle(Object(Illuminate\\Http\\Request), Object(Closure))
#28 D:\\Dávid\\aPROGRAMOZZ\\WIZSGAMUNKA\\WWIZSGA\\Feladatok\\OFFICE\\MEGOLDÁSOK\\API\\office_sphere_api\\vendor\\laravel\\framework\\src\\Illuminate\\Http\\Middleware\\TrustProxies.php(58): Illuminate\\Pipeline\\Pipeline->Illuminate\\Pipeline\\{closure}(Object(Illuminate\\Http\\Request))
#29 D:\\Dávid\\aPROGRAMOZZ\\WIZSGAMUNKA\\WWIZSGA\\Feladatok\\OFFICE\\MEGOLDÁSOK\\API\\office_sphere_api\\vendor\\laravel\\framework\\src\\Illuminate\\Pipeline\\Pipeline.php(208): Illuminate\\Http\\Middleware\\TrustProxies->handle(Object(Illuminate\\Http\\Request), Object(Closure))
#30 D:\\Dávid\\aPROGRAMOZZ\\WIZSGAMUNKA\\WWIZSGA\\Feladatok\\OFFICE\\MEGOLDÁSOK\\API\\office_sphere_api\\vendor\\laravel\\framework\\src\\Illuminate\\Foundation\\Http\\Middleware\\InvokeDeferredCallbacks.php(22): Illuminate\\Pipeline\\Pipeline->Illuminate\\Pipeline\\{closure}(Object(Illuminate\\Http\\Request))
#31 D:\\Dávid\\aPROGRAMOZZ\\WIZSGAMUNKA\\WWIZSGA\\Feladatok\\OFFICE\\MEGOLDÁSOK\\API\\office_sphere_api\\vendor\\laravel\\framework\\src\\Illuminate\\Pipeline\\Pipeline.php(208): Illuminate\\Foundation\\Http\\Middleware\\InvokeDeferredCallbacks->handle(Object(Illuminate\\Http\\Request), Object(Closure))
#32 D:\\Dávid\\aPROGRAMOZZ\\WIZSGAMUNKA\\WWIZSGA\\Feladatok\\OFFICE\\MEGOLDÁSOK\\API\\office_sphere_api\\vendor\\laravel\\framework\\src\\Illuminate\\Http\\Middleware\\ValidatePathEncoding.php(26): Illuminate\\Pipeline\\Pipeline->Illuminate\\Pipeline\\{closure}(Object(Illuminate\\Http\\Request))
#33 D:\\Dávid\\aPROGRAMOZZ\\WIZSGAMUNKA\\WWIZSGA\\Feladatok\\OFFICE\\MEGOLDÁSOK\\API\\office_sphere_api\\vendor\\laravel\\framework\\src\\Illuminate\\Pipeline\\Pipeline.php(208): Illuminate\\Http\\Middleware\\ValidatePathEncoding->handle(Object(Illuminate\\Http\\Request), Object(Closure))
#34 D:\\Dávid\\aPROGRAMOZZ\\WIZSGAMUNKA\\WWIZSGA\\Feladatok\\OFFICE\\MEGOLDÁSOK\\API\\office_sphere_api\\vendor\\laravel\\framework\\src\\Illuminate\\Pipeline\\Pipeline.php(126): Illuminate\\Pipeline\\Pipeline->Illuminate\\Pipeline\\{closure}(Object(Illuminate\\Http\\Request))
#35 D:\\Dávid\\aPROGRAMOZZ\\WIZSGAMUNKA\\WWIZSGA\\Feladatok\\OFFICE\\MEGOLDÁSOK\\API\\office_sphere_api\\vendor\\laravel\\framework\\src\\Illuminate\\Foundation\\Http\\Kernel.php(175): Illuminate\\Pipeline\\Pipeline->then(Object(Closure))
#36 D:\\Dávid\\aPROGRAMOZZ\\WIZSGAMUNKA\\WWIZSGA\\Feladatok\\OFFICE\\MEGOLDÁSOK\\API\\office_sphere_api\\vendor\\laravel\\framework\\src\\Illuminate\\Foundation\\Http\\Kernel.php(144): Illuminate\\Foundation\\Http\\Kernel->sendRequestThroughRouter(Object(Illuminate\\Http\\Request))
#37 D:\\Dávid\\aPROGRAMOZZ\\WIZSGAMUNKA\\WWIZSGA\\Feladatok\\OFFICE\\MEGOLDÁSOK\\API\\office_sphere_api\\vendor\\laravel\\framework\\src\\Illuminate\\Foundation\\Application.php(1219): Illuminate\\Foundation\\Http\\Kernel->handle(Object(Illuminate\\Http\\Request))
#38 D:\\Dávid\\aPROGRAMOZZ\\WIZSGAMUNKA\\WWIZSGA\\Feladatok\\OFFICE\\MEGOLDÁSOK\\API\\office_sphere_api\\public\\index.php(20): Illuminate\\Foundation\\Application->handleRequest(Object(Illuminate\\Http\\Request))
#39 D:\\Dávid\\aPROGRAMOZZ\\WIZSGAMUNKA\\WWIZSGA\\Feladatok\\OFFICE\\MEGOLDÁSOK\\API\\office_sphere_api\\vendor\\laravel\\framework\\src\\Illuminate\\Foundation\\resources\\server.php(23): require_once('D:\\\\D\\xC3\\xA1vid\\\\aPROG...')
#40 {main}
"} 
[2025-05-21 15:04:42] local.ERROR: Unterminated comment starting line 12 {"exception":"[object] (ParseError(code: 0): Unterminated comment starting line 12 at D:\\Dávid\\aPROGRAMOZZ\\WIZSGAMUNKA\\WWIZSGA\\Feladatok\\OFFICE\\MEGOLDÁSOK\\API\\office_sphere_api\\routes\\api.php:12)
[stacktrace]
#0 D:\\Dávid\\aPROGRAMOZZ\\WIZSGAMUNKA\\WWIZSGA\\Feladatok\\OFFICE\\MEGOLDÁSOK\\API\\office_sphere_api\\vendor\\laravel\\framework\\src\\Illuminate\\Routing\\Router.php(512): Illuminate\\Routing\\RouteFileRegistrar->register('D:\\\\D\\xC3\\xA1vid\\\\aPROG...')
#1 D:\\Dávid\\aPROGRAMOZZ\\WIZSGAMUNKA\\WWIZSGA\\Feladatok\\OFFICE\\MEGOLDÁSOK\\API\\office_sphere_api\\vendor\\laravel\\framework\\src\\Illuminate\\Routing\\Router.php(466): Illuminate\\Routing\\Router->loadRoutes('D:\\\\D\\xC3\\xA1vid\\\\aPROG...')
#2 D:\\Dávid\\aPROGRAMOZZ\\WIZSGAMUNKA\\WWIZSGA\\Feladatok\\OFFICE\\MEGOLDÁSOK\\API\\office_sphere_api\\vendor\\laravel\\framework\\src\\Illuminate\\Routing\\RouteRegistrar.php(206): Illuminate\\Routing\\Router->group(Array, 'D:\\\\D\\xC3\\xA1vid\\\\aPROG...')
#3 D:\\Dávid\\aPROGRAMOZZ\\WIZSGAMUNKA\\WWIZSGA\\Feladatok\\OFFICE\\MEGOLDÁSOK\\API\\office_sphere_api\\vendor\\laravel\\framework\\src\\Illuminate\\Foundation\\Configuration\\ApplicationBuilder.php(214): Illuminate\\Routing\\RouteRegistrar->group('D:\\\\D\\xC3\\xA1vid\\\\aPROG...')
#4 D:\\Dávid\\aPROGRAMOZZ\\WIZSGAMUNKA\\WWIZSGA\\Feladatok\\OFFICE\\MEGOLDÁSOK\\API\\office_sphere_api\\vendor\\laravel\\framework\\src\\Illuminate\\Container\\BoundMethod.php(36): Illuminate\\Foundation\\Configuration\\ApplicationBuilder->Illuminate\\Foundation\\Configuration\\{closure}()
#5 D:\\Dávid\\aPROGRAMOZZ\\WIZSGAMUNKA\\WWIZSGA\\Feladatok\\OFFICE\\MEGOLDÁSOK\\API\\office_sphere_api\\vendor\\laravel\\framework\\src\\Illuminate\\Container\\Util.php(43): Illuminate\\Container\\BoundMethod::Illuminate\\Container\\{closure}()
#6 D:\\Dávid\\aPROGRAMOZZ\\WIZSGAMUNKA\\WWIZSGA\\Feladatok\\OFFICE\\MEGOLDÁSOK\\API\\office_sphere_api\\vendor\\laravel\\framework\\src\\Illuminate\\Container\\BoundMethod.php(84): Illuminate\\Container\\Util::unwrapIfClosure(Object(Closure))
#7 D:\\Dávid\\aPROGRAMOZZ\\WIZSGAMUNKA\\WWIZSGA\\Feladatok\\OFFICE\\MEGOLDÁSOK\\API\\office_sphere_api\\vendor\\laravel\\framework\\src\\Illuminate\\Container\\BoundMethod.php(35): Illuminate\\Container\\BoundMethod::callBoundMethod(Object(Illuminate\\Foundation\\Application), Object(Closure), Object(Closure))
#8 D:\\Dávid\\aPROGRAMOZZ\\WIZSGAMUNKA\\WWIZSGA\\Feladatok\\OFFICE\\MEGOLDÁSOK\\API\\office_sphere_api\\vendor\\laravel\\framework\\src\\Illuminate\\Container\\Container.php(754): Illuminate\\Container\\BoundMethod::call(Object(Illuminate\\Foundation\\Application), Object(Closure), Array, NULL)
#9 D:\\Dávid\\aPROGRAMOZZ\\WIZSGAMUNKA\\WWIZSGA\\Feladatok\\OFFICE\\MEGOLDÁSOK\\API\\office_sphere_api\\vendor\\laravel\\framework\\src\\Illuminate\\Foundation\\Support\\Providers\\RouteServiceProvider.php(162): Illuminate\\Container\\Container->call(Object(Closure))
#10 D:\\Dávid\\aPROGRAMOZZ\\WIZSGAMUNKA\\WWIZSGA\\Feladatok\\OFFICE\\MEGOLDÁSOK\\API\\office_sphere_api\\vendor\\laravel\\framework\\src\\Illuminate\\Foundation\\Support\\Providers\\RouteServiceProvider.php(59): Illuminate\\Foundation\\Support\\Providers\\RouteServiceProvider->loadRoutes()
#11 D:\\Dávid\\aPROGRAMOZZ\\WIZSGAMUNKA\\WWIZSGA\\Feladatok\\OFFICE\\MEGOLDÁSOK\\API\\office_sphere_api\\vendor\\laravel\\framework\\src\\Illuminate\\Container\\BoundMethod.php(36): Illuminate\\Foundation\\Support\\Providers\\RouteServiceProvider->Illuminate\\Foundation\\Support\\Providers\\{closure}()
#12 D:\\Dávid\\aPROGRAMOZZ\\WIZSGAMUNKA\\WWIZSGA\\Feladatok\\OFFICE\\MEGOLDÁSOK\\API\\office_sphere_api\\vendor\\laravel\\framework\\src\\Illuminate\\Container\\Util.php(43): Illuminate\\Container\\BoundMethod::Illuminate\\Container\\{closure}()
#13 D:\\Dávid\\aPROGRAMOZZ\\WIZSGAMUNKA\\WWIZSGA\\Feladatok\\OFFICE\\MEGOLDÁSOK\\API\\office_sphere_api\\vendor\\laravel\\framework\\src\\Illuminate\\Container\\BoundMethod.php(84): Illuminate\\Container\\Util::unwrapIfClosure(Object(Closure))
#14 D:\\Dávid\\aPROGRAMOZZ\\WIZSGAMUNKA\\WWIZSGA\\Feladatok\\OFFICE\\MEGOLDÁSOK\\API\\office_sphere_api\\vendor\\laravel\\framework\\src\\Illuminate\\Container\\BoundMethod.php(35): Illuminate\\Container\\BoundMethod::callBoundMethod(Object(Illuminate\\Foundation\\Application), Object(Closure), Object(Closure))
#15 D:\\Dávid\\aPROGRAMOZZ\\WIZSGAMUNKA\\WWIZSGA\\Feladatok\\OFFICE\\MEGOLDÁSOK\\API\\office_sphere_api\\vendor\\laravel\\framework\\src\\Illuminate\\Container\\Container.php(754): Illuminate\\Container\\BoundMethod::call(Object(Illuminate\\Foundation\\Application), Object(Closure), Array, NULL)
#16 D:\\Dávid\\aPROGRAMOZZ\\WIZSGAMUNKA\\WWIZSGA\\Feladatok\\OFFICE\\MEGOLDÁSOK\\API\\office_sphere_api\\vendor\\laravel\\framework\\src\\Illuminate\\Support\\ServiceProvider.php(143): Illuminate\\Container\\Container->call(Object(Closure))
#17 D:\\Dávid\\aPROGRAMOZZ\\WIZSGAMUNKA\\WWIZSGA\\Feladatok\\OFFICE\\MEGOLDÁSOK\\API\\office_sphere_api\\vendor\\laravel\\framework\\src\\Illuminate\\Foundation\\Application.php(1153): Illuminate\\Support\\ServiceProvider->callBootedCallbacks()
#18 D:\\Dávid\\aPROGRAMOZZ\\WIZSGAMUNKA\\WWIZSGA\\Feladatok\\OFFICE\\MEGOLDÁSOK\\API\\office_sphere_api\\vendor\\laravel\\framework\\src\\Illuminate\\Foundation\\Application.php(1131): Illuminate\\Foundation\\Application->bootProvider(Object(Illuminate\\Foundation\\Support\\Providers\\RouteServiceProvider))
#19 [internal function]: Illuminate\\Foundation\\Application->Illuminate\\Foundation\\{closure}(Object(Illuminate\\Foundation\\Support\\Providers\\RouteServiceProvider), 'Illuminate\\\\Foun...')
#20 D:\\Dávid\\aPROGRAMOZZ\\WIZSGAMUNKA\\WWIZSGA\\Feladatok\\OFFICE\\MEGOLDÁSOK\\API\\office_sphere_api\\vendor\\laravel\\framework\\src\\Illuminate\\Foundation\\Application.php(1130): array_walk(Array, Object(Closure))
#21 D:\\Dávid\\aPROGRAMOZZ\\WIZSGAMUNKA\\WWIZSGA\\Feladatok\\OFFICE\\MEGOLDÁSOK\\API\\office_sphere_api\\vendor\\laravel\\framework\\src\\Illuminate\\Foundation\\Bootstrap\\BootProviders.php(17): Illuminate\\Foundation\\Application->boot()
#22 D:\\Dávid\\aPROGRAMOZZ\\WIZSGAMUNKA\\WWIZSGA\\Feladatok\\OFFICE\\MEGOLDÁSOK\\API\\office_sphere_api\\vendor\\laravel\\framework\\src\\Illuminate\\Foundation\\Application.php(341): Illuminate\\Foundation\\Bootstrap\\BootProviders->bootstrap(Object(Illuminate\\Foundation\\Application))
#23 D:\\Dávid\\aPROGRAMOZZ\\WIZSGAMUNKA\\WWIZSGA\\Feladatok\\OFFICE\\MEGOLDÁSOK\\API\\office_sphere_api\\vendor\\laravel\\framework\\src\\Illuminate\\Foundation\\Http\\Kernel.php(186): Illuminate\\Foundation\\Application->bootstrapWith(Array)
#24 D:\\Dávid\\aPROGRAMOZZ\\WIZSGAMUNKA\\WWIZSGA\\Feladatok\\OFFICE\\MEGOLDÁSOK\\API\\office_sphere_api\\vendor\\laravel\\framework\\src\\Illuminate\\Foundation\\Http\\Kernel.php(170): Illuminate\\Foundation\\Http\\Kernel->bootstrap()
#25 D:\\Dávid\\aPROGRAMOZZ\\WIZSGAMUNKA\\WWIZSGA\\Feladatok\\OFFICE\\MEGOLDÁSOK\\API\\office_sphere_api\\vendor\\laravel\\framework\\src\\Illuminate\\Foundation\\Http\\Kernel.php(144): Illuminate\\Foundation\\Http\\Kernel->sendRequestThroughRouter(Object(Illuminate\\Http\\Request))
#26 D:\\Dávid\\aPROGRAMOZZ\\WIZSGAMUNKA\\WWIZSGA\\Feladatok\\OFFICE\\MEGOLDÁSOK\\API\\office_sphere_api\\vendor\\laravel\\framework\\src\\Illuminate\\Foundation\\Application.php(1219): Illuminate\\Foundation\\Http\\Kernel->handle(Object(Illuminate\\Http\\Request))
#27 D:\\Dávid\\aPROGRAMOZZ\\WIZSGAMUNKA\\WWIZSGA\\Feladatok\\OFFICE\\MEGOLDÁSOK\\API\\office_sphere_api\\public\\index.php(20): Illuminate\\Foundation\\Application->handleRequest(Object(Illuminate\\Http\\Request))
#28 D:\\Dávid\\aPROGRAMOZZ\\WIZSGAMUNKA\\WWIZSGA\\Feladatok\\OFFICE\\MEGOLDÁSOK\\API\\office_sphere_api\\vendor\\laravel\\framework\\src\\Illuminate\\Foundation\\resources\\server.php(23): require_once('D:\\\\D\\xC3\\xA1vid\\\\aPROG...')
#29 {main}
"} 
[2025-05-21 15:05:03] local.ERROR: Unterminated comment starting line 12 {"exception":"[object] (ParseError(code: 0): Unterminated comment starting line 12 at D:\\Dávid\\aPROGRAMOZZ\\WIZSGAMUNKA\\WWIZSGA\\Feladatok\\OFFICE\\MEGOLDÁSOK\\API\\office_sphere_api\\routes\\api.php:12)
[stacktrace]
#0 D:\\Dávid\\aPROGRAMOZZ\\WIZSGAMUNKA\\WWIZSGA\\Feladatok\\OFFICE\\MEGOLDÁSOK\\API\\office_sphere_api\\vendor\\laravel\\framework\\src\\Illuminate\\Routing\\Router.php(512): Illuminate\\Routing\\RouteFileRegistrar->register('D:\\\\D\\xC3\\xA1vid\\\\aPROG...')
#1 D:\\Dávid\\aPROGRAMOZZ\\WIZSGAMUNKA\\WWIZSGA\\Feladatok\\OFFICE\\MEGOLDÁSOK\\API\\office_sphere_api\\vendor\\laravel\\framework\\src\\Illuminate\\Routing\\Router.php(466): Illuminate\\Routing\\Router->loadRoutes('D:\\\\D\\xC3\\xA1vid\\\\aPROG...')
#2 D:\\Dávid\\aPROGRAMOZZ\\WIZSGAMUNKA\\WWIZSGA\\Feladatok\\OFFICE\\MEGOLDÁSOK\\API\\office_sphere_api\\vendor\\laravel\\framework\\src\\Illuminate\\Routing\\RouteRegistrar.php(206): Illuminate\\Routing\\Router->group(Array, 'D:\\\\D\\xC3\\xA1vid\\\\aPROG...')
#3 D:\\Dávid\\aPROGRAMOZZ\\WIZSGAMUNKA\\WWIZSGA\\Feladatok\\OFFICE\\MEGOLDÁSOK\\API\\office_sphere_api\\vendor\\laravel\\framework\\src\\Illuminate\\Foundation\\Configuration\\ApplicationBuilder.php(214): Illuminate\\Routing\\RouteRegistrar->group('D:\\\\D\\xC3\\xA1vid\\\\aPROG...')
#4 D:\\Dávid\\aPROGRAMOZZ\\WIZSGAMUNKA\\WWIZSGA\\Feladatok\\OFFICE\\MEGOLDÁSOK\\API\\office_sphere_api\\vendor\\laravel\\framework\\src\\Illuminate\\Container\\BoundMethod.php(36): Illuminate\\Foundation\\Configuration\\ApplicationBuilder->Illuminate\\Foundation\\Configuration\\{closure}()
#5 D:\\Dávid\\aPROGRAMOZZ\\WIZSGAMUNKA\\WWIZSGA\\Feladatok\\OFFICE\\MEGOLDÁSOK\\API\\office_sphere_api\\vendor\\laravel\\framework\\src\\Illuminate\\Container\\Util.php(43): Illuminate\\Container\\BoundMethod::Illuminate\\Container\\{closure}()
#6 D:\\Dávid\\aPROGRAMOZZ\\WIZSGAMUNKA\\WWIZSGA\\Feladatok\\OFFICE\\MEGOLDÁSOK\\API\\office_sphere_api\\vendor\\laravel\\framework\\src\\Illuminate\\Container\\BoundMethod.php(84): Illuminate\\Container\\Util::unwrapIfClosure(Object(Closure))
#7 D:\\Dávid\\aPROGRAMOZZ\\WIZSGAMUNKA\\WWIZSGA\\Feladatok\\OFFICE\\MEGOLDÁSOK\\API\\office_sphere_api\\vendor\\laravel\\framework\\src\\Illuminate\\Container\\BoundMethod.php(35): Illuminate\\Container\\BoundMethod::callBoundMethod(Object(Illuminate\\Foundation\\Application), Object(Closure), Object(Closure))
#8 D:\\Dávid\\aPROGRAMOZZ\\WIZSGAMUNKA\\WWIZSGA\\Feladatok\\OFFICE\\MEGOLDÁSOK\\API\\office_sphere_api\\vendor\\laravel\\framework\\src\\Illuminate\\Container\\Container.php(754): Illuminate\\Container\\BoundMethod::call(Object(Illuminate\\Foundation\\Application), Object(Closure), Array, NULL)
#9 D:\\Dávid\\aPROGRAMOZZ\\WIZSGAMUNKA\\WWIZSGA\\Feladatok\\OFFICE\\MEGOLDÁSOK\\API\\office_sphere_api\\vendor\\laravel\\framework\\src\\Illuminate\\Foundation\\Support\\Providers\\RouteServiceProvider.php(162): Illuminate\\Container\\Container->call(Object(Closure))
#10 D:\\Dávid\\aPROGRAMOZZ\\WIZSGAMUNKA\\WWIZSGA\\Feladatok\\OFFICE\\MEGOLDÁSOK\\API\\office_sphere_api\\vendor\\laravel\\framework\\src\\Illuminate\\Foundation\\Support\\Providers\\RouteServiceProvider.php(59): Illuminate\\Foundation\\Support\\Providers\\RouteServiceProvider->loadRoutes()
#11 D:\\Dávid\\aPROGRAMOZZ\\WIZSGAMUNKA\\WWIZSGA\\Feladatok\\OFFICE\\MEGOLDÁSOK\\API\\office_sphere_api\\vendor\\laravel\\framework\\src\\Illuminate\\Container\\BoundMethod.php(36): Illuminate\\Foundation\\Support\\Providers\\RouteServiceProvider->Illuminate\\Foundation\\Support\\Providers\\{closure}()
#12 D:\\Dávid\\aPROGRAMOZZ\\WIZSGAMUNKA\\WWIZSGA\\Feladatok\\OFFICE\\MEGOLDÁSOK\\API\\office_sphere_api\\vendor\\laravel\\framework\\src\\Illuminate\\Container\\Util.php(43): Illuminate\\Container\\BoundMethod::Illuminate\\Container\\{closure}()
#13 D:\\Dávid\\aPROGRAMOZZ\\WIZSGAMUNKA\\WWIZSGA\\Feladatok\\OFFICE\\MEGOLDÁSOK\\API\\office_sphere_api\\vendor\\laravel\\framework\\src\\Illuminate\\Container\\BoundMethod.php(84): Illuminate\\Container\\Util::unwrapIfClosure(Object(Closure))
#14 D:\\Dávid\\aPROGRAMOZZ\\WIZSGAMUNKA\\WWIZSGA\\Feladatok\\OFFICE\\MEGOLDÁSOK\\API\\office_sphere_api\\vendor\\laravel\\framework\\src\\Illuminate\\Container\\BoundMethod.php(35): Illuminate\\Container\\BoundMethod::callBoundMethod(Object(Illuminate\\Foundation\\Application), Object(Closure), Object(Closure))
#15 D:\\Dávid\\aPROGRAMOZZ\\WIZSGAMUNKA\\WWIZSGA\\Feladatok\\OFFICE\\MEGOLDÁSOK\\API\\office_sphere_api\\vendor\\laravel\\framework\\src\\Illuminate\\Container\\Container.php(754): Illuminate\\Container\\BoundMethod::call(Object(Illuminate\\Foundation\\Application), Object(Closure), Array, NULL)
#16 D:\\Dávid\\aPROGRAMOZZ\\WIZSGAMUNKA\\WWIZSGA\\Feladatok\\OFFICE\\MEGOLDÁSOK\\API\\office_sphere_api\\vendor\\laravel\\framework\\src\\Illuminate\\Support\\ServiceProvider.php(143): Illuminate\\Container\\Container->call(Object(Closure))
#17 D:\\Dávid\\aPROGRAMOZZ\\WIZSGAMUNKA\\WWIZSGA\\Feladatok\\OFFICE\\MEGOLDÁSOK\\API\\office_sphere_api\\vendor\\laravel\\framework\\src\\Illuminate\\Foundation\\Application.php(1153): Illuminate\\Support\\ServiceProvider->callBootedCallbacks()
#18 D:\\Dávid\\aPROGRAMOZZ\\WIZSGAMUNKA\\WWIZSGA\\Feladatok\\OFFICE\\MEGOLDÁSOK\\API\\office_sphere_api\\vendor\\laravel\\framework\\src\\Illuminate\\Foundation\\Application.php(1131): Illuminate\\Foundation\\Application->bootProvider(Object(Illuminate\\Foundation\\Support\\Providers\\RouteServiceProvider))
#19 [internal function]: Illuminate\\Foundation\\Application->Illuminate\\Foundation\\{closure}(Object(Illuminate\\Foundation\\Support\\Providers\\RouteServiceProvider), 'Illuminate\\\\Foun...')
#20 D:\\Dávid\\aPROGRAMOZZ\\WIZSGAMUNKA\\WWIZSGA\\Feladatok\\OFFICE\\MEGOLDÁSOK\\API\\office_sphere_api\\vendor\\laravel\\framework\\src\\Illuminate\\Foundation\\Application.php(1130): array_walk(Array, Object(Closure))
#21 D:\\Dávid\\aPROGRAMOZZ\\WIZSGAMUNKA\\WWIZSGA\\Feladatok\\OFFICE\\MEGOLDÁSOK\\API\\office_sphere_api\\vendor\\laravel\\framework\\src\\Illuminate\\Foundation\\Bootstrap\\BootProviders.php(17): Illuminate\\Foundation\\Application->boot()
#22 D:\\Dávid\\aPROGRAMOZZ\\WIZSGAMUNKA\\WWIZSGA\\Feladatok\\OFFICE\\MEGOLDÁSOK\\API\\office_sphere_api\\vendor\\laravel\\framework\\src\\Illuminate\\Foundation\\Application.php(341): Illuminate\\Foundation\\Bootstrap\\BootProviders->bootstrap(Object(Illuminate\\Foundation\\Application))
#23 D:\\Dávid\\aPROGRAMOZZ\\WIZSGAMUNKA\\WWIZSGA\\Feladatok\\OFFICE\\MEGOLDÁSOK\\API\\office_sphere_api\\vendor\\laravel\\framework\\src\\Illuminate\\Foundation\\Http\\Kernel.php(186): Illuminate\\Foundation\\Application->bootstrapWith(Array)
#24 D:\\Dávid\\aPROGRAMOZZ\\WIZSGAMUNKA\\WWIZSGA\\Feladatok\\OFFICE\\MEGOLDÁSOK\\API\\office_sphere_api\\vendor\\laravel\\framework\\src\\Illuminate\\Foundation\\Http\\Kernel.php(170): Illuminate\\Foundation\\Http\\Kernel->bootstrap()
#25 D:\\Dávid\\aPROGRAMOZZ\\WIZSGAMUNKA\\WWIZSGA\\Feladatok\\OFFICE\\MEGOLDÁSOK\\API\\office_sphere_api\\vendor\\laravel\\framework\\src\\Illuminate\\Foundation\\Http\\Kernel.php(144): Illuminate\\Foundation\\Http\\Kernel->sendRequestThroughRouter(Object(Illuminate\\Http\\Request))
#26 D:\\Dávid\\aPROGRAMOZZ\\WIZSGAMUNKA\\WWIZSGA\\Feladatok\\OFFICE\\MEGOLDÁSOK\\API\\office_sphere_api\\vendor\\laravel\\framework\\src\\Illuminate\\Foundation\\Application.php(1219): Illuminate\\Foundation\\Http\\Kernel->handle(Object(Illuminate\\Http\\Request))
#27 D:\\Dávid\\aPROGRAMOZZ\\WIZSGAMUNKA\\WWIZSGA\\Feladatok\\OFFICE\\MEGOLDÁSOK\\API\\office_sphere_api\\public\\index.php(20): Illuminate\\Foundation\\Application->handleRequest(Object(Illuminate\\Http\\Request))
#28 D:\\Dávid\\aPROGRAMOZZ\\WIZSGAMUNKA\\WWIZSGA\\Feladatok\\OFFICE\\MEGOLDÁSOK\\API\\office_sphere_api\\vendor\\laravel\\framework\\src\\Illuminate\\Foundation\\resources\\server.php(23): require_once('D:\\\\D\\xC3\\xA1vid\\\\aPROG...')
#29 {main}
"} 
[2025-05-21 15:18:18] local.ERROR: Illuminate\Routing\ResponseFactory::json(): Argument #3 ($headers) must be of type array, int given, called in D:\Dávid\aPROGRAMOZZ\WIZSGAMUNKA\WWIZSGA\Feladatok\OFFICE\MEGOLDÁSOK\API\office_sphere_api\app\Http\Controllers\RentalController.php on line 82 {"exception":"[object] (TypeError(code: 0): Illuminate\\Routing\\ResponseFactory::json(): Argument #3 ($headers) must be of type array, int given, called in D:\\Dávid\\aPROGRAMOZZ\\WIZSGAMUNKA\\WWIZSGA\\Feladatok\\OFFICE\\MEGOLDÁSOK\\API\\office_sphere_api\\app\\Http\\Controllers\\RentalController.php on line 82 at D:\\Dávid\\aPROGRAMOZZ\\WIZSGAMUNKA\\WWIZSGA\\Feladatok\\OFFICE\\MEGOLDÁSOK\\API\\office_sphere_api\\vendor\\laravel\\framework\\src\\Illuminate\\Routing\\ResponseFactory.php:103)
[stacktrace]
#0 D:\\Dávid\\aPROGRAMOZZ\\WIZSGAMUNKA\\WWIZSGA\\Feladatok\\OFFICE\\MEGOLDÁSOK\\API\\office_sphere_api\\app\\Http\\Controllers\\RentalController.php(82): Illuminate\\Routing\\ResponseFactory->json(Array, NULL, 204)
#1 D:\\Dávid\\aPROGRAMOZZ\\WIZSGAMUNKA\\WWIZSGA\\Feladatok\\OFFICE\\MEGOLDÁSOK\\API\\office_sphere_api\\vendor\\laravel\\framework\\src\\Illuminate\\Routing\\ControllerDispatcher.php(46): App\\Http\\Controllers\\RentalController->destroy('6')
#2 D:\\Dávid\\aPROGRAMOZZ\\WIZSGAMUNKA\\WWIZSGA\\Feladatok\\OFFICE\\MEGOLDÁSOK\\API\\office_sphere_api\\vendor\\laravel\\framework\\src\\Illuminate\\Routing\\Route.php(265): Illuminate\\Routing\\ControllerDispatcher->dispatch(Object(Illuminate\\Routing\\Route), Object(App\\Http\\Controllers\\RentalController), 'destroy')
#3 D:\\Dávid\\aPROGRAMOZZ\\WIZSGAMUNKA\\WWIZSGA\\Feladatok\\OFFICE\\MEGOLDÁSOK\\API\\office_sphere_api\\vendor\\laravel\\framework\\src\\Illuminate\\Routing\\Route.php(211): Illuminate\\Routing\\Route->runController()
#4 D:\\Dávid\\aPROGRAMOZZ\\WIZSGAMUNKA\\WWIZSGA\\Feladatok\\OFFICE\\MEGOLDÁSOK\\API\\office_sphere_api\\vendor\\laravel\\framework\\src\\Illuminate\\Routing\\Router.php(808): Illuminate\\Routing\\Route->run()
#5 D:\\Dávid\\aPROGRAMOZZ\\WIZSGAMUNKA\\WWIZSGA\\Feladatok\\OFFICE\\MEGOLDÁSOK\\API\\office_sphere_api\\vendor\\laravel\\framework\\src\\Illuminate\\Pipeline\\Pipeline.php(169): Illuminate\\Routing\\Router->Illuminate\\Routing\\{closure}(Object(Illuminate\\Http\\Request))
#6 D:\\Dávid\\aPROGRAMOZZ\\WIZSGAMUNKA\\WWIZSGA\\Feladatok\\OFFICE\\MEGOLDÁSOK\\API\\office_sphere_api\\vendor\\laravel\\framework\\src\\Illuminate\\Routing\\Middleware\\SubstituteBindings.php(50): Illuminate\\Pipeline\\Pipeline->Illuminate\\Pipeline\\{closure}(Object(Illuminate\\Http\\Request))
#7 D:\\Dávid\\aPROGRAMOZZ\\WIZSGAMUNKA\\WWIZSGA\\Feladatok\\OFFICE\\MEGOLDÁSOK\\API\\office_sphere_api\\vendor\\laravel\\framework\\src\\Illuminate\\Pipeline\\Pipeline.php(208): Illuminate\\Routing\\Middleware\\SubstituteBindings->handle(Object(Illuminate\\Http\\Request), Object(Closure))
#8 D:\\Dávid\\aPROGRAMOZZ\\WIZSGAMUNKA\\WWIZSGA\\Feladatok\\OFFICE\\MEGOLDÁSOK\\API\\office_sphere_api\\vendor\\laravel\\framework\\src\\Illuminate\\Pipeline\\Pipeline.php(126): Illuminate\\Pipeline\\Pipeline->Illuminate\\Pipeline\\{closure}(Object(Illuminate\\Http\\Request))
#9 D:\\Dávid\\aPROGRAMOZZ\\WIZSGAMUNKA\\WWIZSGA\\Feladatok\\OFFICE\\MEGOLDÁSOK\\API\\office_sphere_api\\vendor\\laravel\\framework\\src\\Illuminate\\Routing\\Router.php(807): Illuminate\\Pipeline\\Pipeline->then(Object(Closure))
#10 D:\\Dávid\\aPROGRAMOZZ\\WIZSGAMUNKA\\WWIZSGA\\Feladatok\\OFFICE\\MEGOLDÁSOK\\API\\office_sphere_api\\vendor\\laravel\\framework\\src\\Illuminate\\Routing\\Router.php(786): Illuminate\\Routing\\Router->runRouteWithinStack(Object(Illuminate\\Routing\\Route), Object(Illuminate\\Http\\Request))
#11 D:\\Dávid\\aPROGRAMOZZ\\WIZSGAMUNKA\\WWIZSGA\\Feladatok\\OFFICE\\MEGOLDÁSOK\\API\\office_sphere_api\\vendor\\laravel\\framework\\src\\Illuminate\\Routing\\Router.php(750): Illuminate\\Routing\\Router->runRoute(Object(Illuminate\\Http\\Request), Object(Illuminate\\Routing\\Route))
#12 D:\\Dávid\\aPROGRAMOZZ\\WIZSGAMUNKA\\WWIZSGA\\Feladatok\\OFFICE\\MEGOLDÁSOK\\API\\office_sphere_api\\vendor\\laravel\\framework\\src\\Illuminate\\Routing\\Router.php(739): Illuminate\\Routing\\Router->dispatchToRoute(Object(Illuminate\\Http\\Request))
#13 D:\\Dávid\\aPROGRAMOZZ\\WIZSGAMUNKA\\WWIZSGA\\Feladatok\\OFFICE\\MEGOLDÁSOK\\API\\office_sphere_api\\vendor\\laravel\\framework\\src\\Illuminate\\Foundation\\Http\\Kernel.php(200): Illuminate\\Routing\\Router->dispatch(Object(Illuminate\\Http\\Request))
#14 D:\\Dávid\\aPROGRAMOZZ\\WIZSGAMUNKA\\WWIZSGA\\Feladatok\\OFFICE\\MEGOLDÁSOK\\API\\office_sphere_api\\vendor\\laravel\\framework\\src\\Illuminate\\Pipeline\\Pipeline.php(169): Illuminate\\Foundation\\Http\\Kernel->Illuminate\\Foundation\\Http\\{closure}(Object(Illuminate\\Http\\Request))
#15 D:\\Dávid\\aPROGRAMOZZ\\WIZSGAMUNKA\\WWIZSGA\\Feladatok\\OFFICE\\MEGOLDÁSOK\\API\\office_sphere_api\\vendor\\laravel\\framework\\src\\Illuminate\\Foundation\\Http\\Middleware\\TransformsRequest.php(21): Illuminate\\Pipeline\\Pipeline->Illuminate\\Pipeline\\{closure}(Object(Illuminate\\Http\\Request))
#16 D:\\Dávid\\aPROGRAMOZZ\\WIZSGAMUNKA\\WWIZSGA\\Feladatok\\OFFICE\\MEGOLDÁSOK\\API\\office_sphere_api\\vendor\\laravel\\framework\\src\\Illuminate\\Foundation\\Http\\Middleware\\ConvertEmptyStringsToNull.php(31): Illuminate\\Foundation\\Http\\Middleware\\TransformsRequest->handle(Object(Illuminate\\Http\\Request), Object(Closure))
#17 D:\\Dávid\\aPROGRAMOZZ\\WIZSGAMUNKA\\WWIZSGA\\Feladatok\\OFFICE\\MEGOLDÁSOK\\API\\office_sphere_api\\vendor\\laravel\\framework\\src\\Illuminate\\Pipeline\\Pipeline.php(208): Illuminate\\Foundation\\Http\\Middleware\\ConvertEmptyStringsToNull->handle(Object(Illuminate\\Http\\Request), Object(Closure))
#18 D:\\Dávid\\aPROGRAMOZZ\\WIZSGAMUNKA\\WWIZSGA\\Feladatok\\OFFICE\\MEGOLDÁSOK\\API\\office_sphere_api\\vendor\\laravel\\framework\\src\\Illuminate\\Foundation\\Http\\Middleware\\TransformsRequest.php(21): Illuminate\\Pipeline\\Pipeline->Illuminate\\Pipeline\\{closure}(Object(Illuminate\\Http\\Request))
#19 D:\\Dávid\\aPROGRAMOZZ\\WIZSGAMUNKA\\WWIZSGA\\Feladatok\\OFFICE\\MEGOLDÁSOK\\API\\office_sphere_api\\vendor\\laravel\\framework\\src\\Illuminate\\Foundation\\Http\\Middleware\\TrimStrings.php(51): Illuminate\\Foundation\\Http\\Middleware\\TransformsRequest->handle(Object(Illuminate\\Http\\Request), Object(Closure))
#20 D:\\Dávid\\aPROGRAMOZZ\\WIZSGAMUNKA\\WWIZSGA\\Feladatok\\OFFICE\\MEGOLDÁSOK\\API\\office_sphere_api\\vendor\\laravel\\framework\\src\\Illuminate\\Pipeline\\Pipeline.php(208): Illuminate\\Foundation\\Http\\Middleware\\TrimStrings->handle(Object(Illuminate\\Http\\Request), Object(Closure))
#21 D:\\Dávid\\aPROGRAMOZZ\\WIZSGAMUNKA\\WWIZSGA\\Feladatok\\OFFICE\\MEGOLDÁSOK\\API\\office_sphere_api\\vendor\\laravel\\framework\\src\\Illuminate\\Http\\Middleware\\ValidatePostSize.php(27): Illuminate\\Pipeline\\Pipeline->Illuminate\\Pipeline\\{closure}(Object(Illuminate\\Http\\Request))
#22 D:\\Dávid\\aPROGRAMOZZ\\WIZSGAMUNKA\\WWIZSGA\\Feladatok\\OFFICE\\MEGOLDÁSOK\\API\\office_sphere_api\\vendor\\laravel\\framework\\src\\Illuminate\\Pipeline\\Pipeline.php(208): Illuminate\\Http\\Middleware\\ValidatePostSize->handle(Object(Illuminate\\Http\\Request), Object(Closure))
#23 D:\\Dávid\\aPROGRAMOZZ\\WIZSGAMUNKA\\WWIZSGA\\Feladatok\\OFFICE\\MEGOLDÁSOK\\API\\office_sphere_api\\vendor\\laravel\\framework\\src\\Illuminate\\Foundation\\Http\\Middleware\\PreventRequestsDuringMaintenance.php(109): Illuminate\\Pipeline\\Pipeline->Illuminate\\Pipeline\\{closure}(Object(Illuminate\\Http\\Request))
#24 D:\\Dávid\\aPROGRAMOZZ\\WIZSGAMUNKA\\WWIZSGA\\Feladatok\\OFFICE\\MEGOLDÁSOK\\API\\office_sphere_api\\vendor\\laravel\\framework\\src\\Illuminate\\Pipeline\\Pipeline.php(208): Illuminate\\Foundation\\Http\\Middleware\\PreventRequestsDuringMaintenance->handle(Object(Illuminate\\Http\\Request), Object(Closure))
#25 D:\\Dávid\\aPROGRAMOZZ\\WIZSGAMUNKA\\WWIZSGA\\Feladatok\\OFFICE\\MEGOLDÁSOK\\API\\office_sphere_api\\vendor\\laravel\\framework\\src\\Illuminate\\Http\\Middleware\\HandleCors.php(61): Illuminate\\Pipeline\\Pipeline->Illuminate\\Pipeline\\{closure}(Object(Illuminate\\Http\\Request))
#26 D:\\Dávid\\aPROGRAMOZZ\\WIZSGAMUNKA\\WWIZSGA\\Feladatok\\OFFICE\\MEGOLDÁSOK\\API\\office_sphere_api\\vendor\\laravel\\framework\\src\\Illuminate\\Pipeline\\Pipeline.php(208): Illuminate\\Http\\Middleware\\HandleCors->handle(Object(Illuminate\\Http\\Request), Object(Closure))
#27 D:\\Dávid\\aPROGRAMOZZ\\WIZSGAMUNKA\\WWIZSGA\\Feladatok\\OFFICE\\MEGOLDÁSOK\\API\\office_sphere_api\\vendor\\laravel\\framework\\src\\Illuminate\\Http\\Middleware\\TrustProxies.php(58): Illuminate\\Pipeline\\Pipeline->Illuminate\\Pipeline\\{closure}(Object(Illuminate\\Http\\Request))
#28 D:\\Dávid\\aPROGRAMOZZ\\WIZSGAMUNKA\\WWIZSGA\\Feladatok\\OFFICE\\MEGOLDÁSOK\\API\\office_sphere_api\\vendor\\laravel\\framework\\src\\Illuminate\\Pipeline\\Pipeline.php(208): Illuminate\\Http\\Middleware\\TrustProxies->handle(Object(Illuminate\\Http\\Request), Object(Closure))
#29 D:\\Dávid\\aPROGRAMOZZ\\WIZSGAMUNKA\\WWIZSGA\\Feladatok\\OFFICE\\MEGOLDÁSOK\\API\\office_sphere_api\\vendor\\laravel\\framework\\src\\Illuminate\\Foundation\\Http\\Middleware\\InvokeDeferredCallbacks.php(22): Illuminate\\Pipeline\\Pipeline->Illuminate\\Pipeline\\{closure}(Object(Illuminate\\Http\\Request))
#30 D:\\Dávid\\aPROGRAMOZZ\\WIZSGAMUNKA\\WWIZSGA\\Feladatok\\OFFICE\\MEGOLDÁSOK\\API\\office_sphere_api\\vendor\\laravel\\framework\\src\\Illuminate\\Pipeline\\Pipeline.php(208): Illuminate\\Foundation\\Http\\Middleware\\InvokeDeferredCallbacks->handle(Object(Illuminate\\Http\\Request), Object(Closure))
#31 D:\\Dávid\\aPROGRAMOZZ\\WIZSGAMUNKA\\WWIZSGA\\Feladatok\\OFFICE\\MEGOLDÁSOK\\API\\office_sphere_api\\vendor\\laravel\\framework\\src\\Illuminate\\Http\\Middleware\\ValidatePathEncoding.php(26): Illuminate\\Pipeline\\Pipeline->Illuminate\\Pipeline\\{closure}(Object(Illuminate\\Http\\Request))
#32 D:\\Dávid\\aPROGRAMOZZ\\WIZSGAMUNKA\\WWIZSGA\\Feladatok\\OFFICE\\MEGOLDÁSOK\\API\\office_sphere_api\\vendor\\laravel\\framework\\src\\Illuminate\\Pipeline\\Pipeline.php(208): Illuminate\\Http\\Middleware\\ValidatePathEncoding->handle(Object(Illuminate\\Http\\Request), Object(Closure))
#33 D:\\Dávid\\aPROGRAMOZZ\\WIZSGAMUNKA\\WWIZSGA\\Feladatok\\OFFICE\\MEGOLDÁSOK\\API\\office_sphere_api\\vendor\\laravel\\framework\\src\\Illuminate\\Pipeline\\Pipeline.php(126): Illuminate\\Pipeline\\Pipeline->Illuminate\\Pipeline\\{closure}(Object(Illuminate\\Http\\Request))
#34 D:\\Dávid\\aPROGRAMOZZ\\WIZSGAMUNKA\\WWIZSGA\\Feladatok\\OFFICE\\MEGOLDÁSOK\\API\\office_sphere_api\\vendor\\laravel\\framework\\src\\Illuminate\\Foundation\\Http\\Kernel.php(175): Illuminate\\Pipeline\\Pipeline->then(Object(Closure))
#35 D:\\Dávid\\aPROGRAMOZZ\\WIZSGAMUNKA\\WWIZSGA\\Feladatok\\OFFICE\\MEGOLDÁSOK\\API\\office_sphere_api\\vendor\\laravel\\framework\\src\\Illuminate\\Foundation\\Http\\Kernel.php(144): Illuminate\\Foundation\\Http\\Kernel->sendRequestThroughRouter(Object(Illuminate\\Http\\Request))
#36 D:\\Dávid\\aPROGRAMOZZ\\WIZSGAMUNKA\\WWIZSGA\\Feladatok\\OFFICE\\MEGOLDÁSOK\\API\\office_sphere_api\\vendor\\laravel\\framework\\src\\Illuminate\\Foundation\\Application.php(1219): Illuminate\\Foundation\\Http\\Kernel->handle(Object(Illuminate\\Http\\Request))
#37 D:\\Dávid\\aPROGRAMOZZ\\WIZSGAMUNKA\\WWIZSGA\\Feladatok\\OFFICE\\MEGOLDÁSOK\\API\\office_sphere_api\\public\\index.php(20): Illuminate\\Foundation\\Application->handleRequest(Object(Illuminate\\Http\\Request))
#38 D:\\Dávid\\aPROGRAMOZZ\\WIZSGAMUNKA\\WWIZSGA\\Feladatok\\OFFICE\\MEGOLDÁSOK\\API\\office_sphere_api\\vendor\\laravel\\framework\\src\\Illuminate\\Foundation\\resources\\server.php(23): require_once('D:\\\\D\\xC3\\xA1vid\\\\aPROG...')
#39 {main}
"} 
[2025-05-21 15:22:07] local.ERROR: Illuminate\Routing\ResponseFactory::json(): Argument #3 ($headers) must be of type array, int given, called in D:\Dávid\aPROGRAMOZZ\WIZSGAMUNKA\WWIZSGA\Feladatok\OFFICE\MEGOLDÁSOK\API\office_sphere_api\app\Http\Controllers\RentalController.php on line 82 {"exception":"[object] (TypeError(code: 0): Illuminate\\Routing\\ResponseFactory::json(): Argument #3 ($headers) must be of type array, int given, called in D:\\Dávid\\aPROGRAMOZZ\\WIZSGAMUNKA\\WWIZSGA\\Feladatok\\OFFICE\\MEGOLDÁSOK\\API\\office_sphere_api\\app\\Http\\Controllers\\RentalController.php on line 82 at D:\\Dávid\\aPROGRAMOZZ\\WIZSGAMUNKA\\WWIZSGA\\Feladatok\\OFFICE\\MEGOLDÁSOK\\API\\office_sphere_api\\vendor\\laravel\\framework\\src\\Illuminate\\Routing\\ResponseFactory.php:103)
[stacktrace]
#0 D:\\Dávid\\aPROGRAMOZZ\\WIZSGAMUNKA\\WWIZSGA\\Feladatok\\OFFICE\\MEGOLDÁSOK\\API\\office_sphere_api\\app\\Http\\Controllers\\RentalController.php(82): Illuminate\\Routing\\ResponseFactory->json(Array, NULL, 200)
#1 D:\\Dávid\\aPROGRAMOZZ\\WIZSGAMUNKA\\WWIZSGA\\Feladatok\\OFFICE\\MEGOLDÁSOK\\API\\office_sphere_api\\vendor\\laravel\\framework\\src\\Illuminate\\Routing\\ControllerDispatcher.php(46): App\\Http\\Controllers\\RentalController->destroy('5')
#2 D:\\Dávid\\aPROGRAMOZZ\\WIZSGAMUNKA\\WWIZSGA\\Feladatok\\OFFICE\\MEGOLDÁSOK\\API\\office_sphere_api\\vendor\\laravel\\framework\\src\\Illuminate\\Routing\\Route.php(265): Illuminate\\Routing\\ControllerDispatcher->dispatch(Object(Illuminate\\Routing\\Route), Object(App\\Http\\Controllers\\RentalController), 'destroy')
#3 D:\\Dávid\\aPROGRAMOZZ\\WIZSGAMUNKA\\WWIZSGA\\Feladatok\\OFFICE\\MEGOLDÁSOK\\API\\office_sphere_api\\vendor\\laravel\\framework\\src\\Illuminate\\Routing\\Route.php(211): Illuminate\\Routing\\Route->runController()
#4 D:\\Dávid\\aPROGRAMOZZ\\WIZSGAMUNKA\\WWIZSGA\\Feladatok\\OFFICE\\MEGOLDÁSOK\\API\\office_sphere_api\\vendor\\laravel\\framework\\src\\Illuminate\\Routing\\Router.php(808): Illuminate\\Routing\\Route->run()
#5 D:\\Dávid\\aPROGRAMOZZ\\WIZSGAMUNKA\\WWIZSGA\\Feladatok\\OFFICE\\MEGOLDÁSOK\\API\\office_sphere_api\\vendor\\laravel\\framework\\src\\Illuminate\\Pipeline\\Pipeline.php(169): Illuminate\\Routing\\Router->Illuminate\\Routing\\{closure}(Object(Illuminate\\Http\\Request))
#6 D:\\Dávid\\aPROGRAMOZZ\\WIZSGAMUNKA\\WWIZSGA\\Feladatok\\OFFICE\\MEGOLDÁSOK\\API\\office_sphere_api\\vendor\\laravel\\framework\\src\\Illuminate\\Routing\\Middleware\\SubstituteBindings.php(50): Illuminate\\Pipeline\\Pipeline->Illuminate\\Pipeline\\{closure}(Object(Illuminate\\Http\\Request))
#7 D:\\Dávid\\aPROGRAMOZZ\\WIZSGAMUNKA\\WWIZSGA\\Feladatok\\OFFICE\\MEGOLDÁSOK\\API\\office_sphere_api\\vendor\\laravel\\framework\\src\\Illuminate\\Pipeline\\Pipeline.php(208): Illuminate\\Routing\\Middleware\\SubstituteBindings->handle(Object(Illuminate\\Http\\Request), Object(Closure))
#8 D:\\Dávid\\aPROGRAMOZZ\\WIZSGAMUNKA\\WWIZSGA\\Feladatok\\OFFICE\\MEGOLDÁSOK\\API\\office_sphere_api\\vendor\\laravel\\framework\\src\\Illuminate\\Pipeline\\Pipeline.php(126): Illuminate\\Pipeline\\Pipeline->Illuminate\\Pipeline\\{closure}(Object(Illuminate\\Http\\Request))
#9 D:\\Dávid\\aPROGRAMOZZ\\WIZSGAMUNKA\\WWIZSGA\\Feladatok\\OFFICE\\MEGOLDÁSOK\\API\\office_sphere_api\\vendor\\laravel\\framework\\src\\Illuminate\\Routing\\Router.php(807): Illuminate\\Pipeline\\Pipeline->then(Object(Closure))
#10 D:\\Dávid\\aPROGRAMOZZ\\WIZSGAMUNKA\\WWIZSGA\\Feladatok\\OFFICE\\MEGOLDÁSOK\\API\\office_sphere_api\\vendor\\laravel\\framework\\src\\Illuminate\\Routing\\Router.php(786): Illuminate\\Routing\\Router->runRouteWithinStack(Object(Illuminate\\Routing\\Route), Object(Illuminate\\Http\\Request))
#11 D:\\Dávid\\aPROGRAMOZZ\\WIZSGAMUNKA\\WWIZSGA\\Feladatok\\OFFICE\\MEGOLDÁSOK\\API\\office_sphere_api\\vendor\\laravel\\framework\\src\\Illuminate\\Routing\\Router.php(750): Illuminate\\Routing\\Router->runRoute(Object(Illuminate\\Http\\Request), Object(Illuminate\\Routing\\Route))
#12 D:\\Dávid\\aPROGRAMOZZ\\WIZSGAMUNKA\\WWIZSGA\\Feladatok\\OFFICE\\MEGOLDÁSOK\\API\\office_sphere_api\\vendor\\laravel\\framework\\src\\Illuminate\\Routing\\Router.php(739): Illuminate\\Routing\\Router->dispatchToRoute(Object(Illuminate\\Http\\Request))
#13 D:\\Dávid\\aPROGRAMOZZ\\WIZSGAMUNKA\\WWIZSGA\\Feladatok\\OFFICE\\MEGOLDÁSOK\\API\\office_sphere_api\\vendor\\laravel\\framework\\src\\Illuminate\\Foundation\\Http\\Kernel.php(200): Illuminate\\Routing\\Router->dispatch(Object(Illuminate\\Http\\Request))
#14 D:\\Dávid\\aPROGRAMOZZ\\WIZSGAMUNKA\\WWIZSGA\\Feladatok\\OFFICE\\MEGOLDÁSOK\\API\\office_sphere_api\\vendor\\laravel\\framework\\src\\Illuminate\\Pipeline\\Pipeline.php(169): Illuminate\\Foundation\\Http\\Kernel->Illuminate\\Foundation\\Http\\{closure}(Object(Illuminate\\Http\\Request))
#15 D:\\Dávid\\aPROGRAMOZZ\\WIZSGAMUNKA\\WWIZSGA\\Feladatok\\OFFICE\\MEGOLDÁSOK\\API\\office_sphere_api\\vendor\\laravel\\framework\\src\\Illuminate\\Foundation\\Http\\Middleware\\TransformsRequest.php(21): Illuminate\\Pipeline\\Pipeline->Illuminate\\Pipeline\\{closure}(Object(Illuminate\\Http\\Request))
#16 D:\\Dávid\\aPROGRAMOZZ\\WIZSGAMUNKA\\WWIZSGA\\Feladatok\\OFFICE\\MEGOLDÁSOK\\API\\office_sphere_api\\vendor\\laravel\\framework\\src\\Illuminate\\Foundation\\Http\\Middleware\\ConvertEmptyStringsToNull.php(31): Illuminate\\Foundation\\Http\\Middleware\\TransformsRequest->handle(Object(Illuminate\\Http\\Request), Object(Closure))
#17 D:\\Dávid\\aPROGRAMOZZ\\WIZSGAMUNKA\\WWIZSGA\\Feladatok\\OFFICE\\MEGOLDÁSOK\\API\\office_sphere_api\\vendor\\laravel\\framework\\src\\Illuminate\\Pipeline\\Pipeline.php(208): Illuminate\\Foundation\\Http\\Middleware\\ConvertEmptyStringsToNull->handle(Object(Illuminate\\Http\\Request), Object(Closure))
#18 D:\\Dávid\\aPROGRAMOZZ\\WIZSGAMUNKA\\WWIZSGA\\Feladatok\\OFFICE\\MEGOLDÁSOK\\API\\office_sphere_api\\vendor\\laravel\\framework\\src\\Illuminate\\Foundation\\Http\\Middleware\\TransformsRequest.php(21): Illuminate\\Pipeline\\Pipeline->Illuminate\\Pipeline\\{closure}(Object(Illuminate\\Http\\Request))
#19 D:\\Dávid\\aPROGRAMOZZ\\WIZSGAMUNKA\\WWIZSGA\\Feladatok\\OFFICE\\MEGOLDÁSOK\\API\\office_sphere_api\\vendor\\laravel\\framework\\src\\Illuminate\\Foundation\\Http\\Middleware\\TrimStrings.php(51): Illuminate\\Foundation\\Http\\Middleware\\TransformsRequest->handle(Object(Illuminate\\Http\\Request), Object(Closure))
#20 D:\\Dávid\\aPROGRAMOZZ\\WIZSGAMUNKA\\WWIZSGA\\Feladatok\\OFFICE\\MEGOLDÁSOK\\API\\office_sphere_api\\vendor\\laravel\\framework\\src\\Illuminate\\Pipeline\\Pipeline.php(208): Illuminate\\Foundation\\Http\\Middleware\\TrimStrings->handle(Object(Illuminate\\Http\\Request), Object(Closure))
#21 D:\\Dávid\\aPROGRAMOZZ\\WIZSGAMUNKA\\WWIZSGA\\Feladatok\\OFFICE\\MEGOLDÁSOK\\API\\office_sphere_api\\vendor\\laravel\\framework\\src\\Illuminate\\Http\\Middleware\\ValidatePostSize.php(27): Illuminate\\Pipeline\\Pipeline->Illuminate\\Pipeline\\{closure}(Object(Illuminate\\Http\\Request))
#22 D:\\Dávid\\aPROGRAMOZZ\\WIZSGAMUNKA\\WWIZSGA\\Feladatok\\OFFICE\\MEGOLDÁSOK\\API\\office_sphere_api\\vendor\\laravel\\framework\\src\\Illuminate\\Pipeline\\Pipeline.php(208): Illuminate\\Http\\Middleware\\ValidatePostSize->handle(Object(Illuminate\\Http\\Request), Object(Closure))
#23 D:\\Dávid\\aPROGRAMOZZ\\WIZSGAMUNKA\\WWIZSGA\\Feladatok\\OFFICE\\MEGOLDÁSOK\\API\\office_sphere_api\\vendor\\laravel\\framework\\src\\Illuminate\\Foundation\\Http\\Middleware\\PreventRequestsDuringMaintenance.php(109): Illuminate\\Pipeline\\Pipeline->Illuminate\\Pipeline\\{closure}(Object(Illuminate\\Http\\Request))
#24 D:\\Dávid\\aPROGRAMOZZ\\WIZSGAMUNKA\\WWIZSGA\\Feladatok\\OFFICE\\MEGOLDÁSOK\\API\\office_sphere_api\\vendor\\laravel\\framework\\src\\Illuminate\\Pipeline\\Pipeline.php(208): Illuminate\\Foundation\\Http\\Middleware\\PreventRequestsDuringMaintenance->handle(Object(Illuminate\\Http\\Request), Object(Closure))
#25 D:\\Dávid\\aPROGRAMOZZ\\WIZSGAMUNKA\\WWIZSGA\\Feladatok\\OFFICE\\MEGOLDÁSOK\\API\\office_sphere_api\\vendor\\laravel\\framework\\src\\Illuminate\\Http\\Middleware\\HandleCors.php(61): Illuminate\\Pipeline\\Pipeline->Illuminate\\Pipeline\\{closure}(Object(Illuminate\\Http\\Request))
#26 D:\\Dávid\\aPROGRAMOZZ\\WIZSGAMUNKA\\WWIZSGA\\Feladatok\\OFFICE\\MEGOLDÁSOK\\API\\office_sphere_api\\vendor\\laravel\\framework\\src\\Illuminate\\Pipeline\\Pipeline.php(208): Illuminate\\Http\\Middleware\\HandleCors->handle(Object(Illuminate\\Http\\Request), Object(Closure))
#27 D:\\Dávid\\aPROGRAMOZZ\\WIZSGAMUNKA\\WWIZSGA\\Feladatok\\OFFICE\\MEGOLDÁSOK\\API\\office_sphere_api\\vendor\\laravel\\framework\\src\\Illuminate\\Http\\Middleware\\TrustProxies.php(58): Illuminate\\Pipeline\\Pipeline->Illuminate\\Pipeline\\{closure}(Object(Illuminate\\Http\\Request))
#28 D:\\Dávid\\aPROGRAMOZZ\\WIZSGAMUNKA\\WWIZSGA\\Feladatok\\OFFICE\\MEGOLDÁSOK\\API\\office_sphere_api\\vendor\\laravel\\framework\\src\\Illuminate\\Pipeline\\Pipeline.php(208): Illuminate\\Http\\Middleware\\TrustProxies->handle(Object(Illuminate\\Http\\Request), Object(Closure))
#29 D:\\Dávid\\aPROGRAMOZZ\\WIZSGAMUNKA\\WWIZSGA\\Feladatok\\OFFICE\\MEGOLDÁSOK\\API\\office_sphere_api\\vendor\\laravel\\framework\\src\\Illuminate\\Foundation\\Http\\Middleware\\InvokeDeferredCallbacks.php(22): Illuminate\\Pipeline\\Pipeline->Illuminate\\Pipeline\\{closure}(Object(Illuminate\\Http\\Request))
#30 D:\\Dávid\\aPROGRAMOZZ\\WIZSGAMUNKA\\WWIZSGA\\Feladatok\\OFFICE\\MEGOLDÁSOK\\API\\office_sphere_api\\vendor\\laravel\\framework\\src\\Illuminate\\Pipeline\\Pipeline.php(208): Illuminate\\Foundation\\Http\\Middleware\\InvokeDeferredCallbacks->handle(Object(Illuminate\\Http\\Request), Object(Closure))
#31 D:\\Dávid\\aPROGRAMOZZ\\WIZSGAMUNKA\\WWIZSGA\\Feladatok\\OFFICE\\MEGOLDÁSOK\\API\\office_sphere_api\\vendor\\laravel\\framework\\src\\Illuminate\\Http\\Middleware\\ValidatePathEncoding.php(26): Illuminate\\Pipeline\\Pipeline->Illuminate\\Pipeline\\{closure}(Object(Illuminate\\Http\\Request))
#32 D:\\Dávid\\aPROGRAMOZZ\\WIZSGAMUNKA\\WWIZSGA\\Feladatok\\OFFICE\\MEGOLDÁSOK\\API\\office_sphere_api\\vendor\\laravel\\framework\\src\\Illuminate\\Pipeline\\Pipeline.php(208): Illuminate\\Http\\Middleware\\ValidatePathEncoding->handle(Object(Illuminate\\Http\\Request), Object(Closure))
#33 D:\\Dávid\\aPROGRAMOZZ\\WIZSGAMUNKA\\WWIZSGA\\Feladatok\\OFFICE\\MEGOLDÁSOK\\API\\office_sphere_api\\vendor\\laravel\\framework\\src\\Illuminate\\Pipeline\\Pipeline.php(126): Illuminate\\Pipeline\\Pipeline->Illuminate\\Pipeline\\{closure}(Object(Illuminate\\Http\\Request))
#34 D:\\Dávid\\aPROGRAMOZZ\\WIZSGAMUNKA\\WWIZSGA\\Feladatok\\OFFICE\\MEGOLDÁSOK\\API\\office_sphere_api\\vendor\\laravel\\framework\\src\\Illuminate\\Foundation\\Http\\Kernel.php(175): Illuminate\\Pipeline\\Pipeline->then(Object(Closure))
#35 D:\\Dávid\\aPROGRAMOZZ\\WIZSGAMUNKA\\WWIZSGA\\Feladatok\\OFFICE\\MEGOLDÁSOK\\API\\office_sphere_api\\vendor\\laravel\\framework\\src\\Illuminate\\Foundation\\Http\\Kernel.php(144): Illuminate\\Foundation\\Http\\Kernel->sendRequestThroughRouter(Object(Illuminate\\Http\\Request))
#36 D:\\Dávid\\aPROGRAMOZZ\\WIZSGAMUNKA\\WWIZSGA\\Feladatok\\OFFICE\\MEGOLDÁSOK\\API\\office_sphere_api\\vendor\\laravel\\framework\\src\\Illuminate\\Foundation\\Application.php(1219): Illuminate\\Foundation\\Http\\Kernel->handle(Object(Illuminate\\Http\\Request))
#37 D:\\Dávid\\aPROGRAMOZZ\\WIZSGAMUNKA\\WWIZSGA\\Feladatok\\OFFICE\\MEGOLDÁSOK\\API\\office_sphere_api\\public\\index.php(20): Illuminate\\Foundation\\Application->handleRequest(Object(Illuminate\\Http\\Request))
#38 D:\\Dávid\\aPROGRAMOZZ\\WIZSGAMUNKA\\WWIZSGA\\Feladatok\\OFFICE\\MEGOLDÁSOK\\API\\office_sphere_api\\vendor\\laravel\\framework\\src\\Illuminate\\Foundation\\resources\\server.php(23): require_once('D:\\\\D\\xC3\\xA1vid\\\\aPROG...')
#39 {main}
"} 
